{"/home/travis/build/npmtest/node-npmtest-js-crawler/test.js":{"path":"/home/travis/build/npmtest/node-npmtest-js-crawler/test.js","s":{"1":2,"2":2,"3":2,"4":2,"5":2,"6":2,"7":2,"8":1,"9":2,"10":2,"11":1,"12":1,"13":1,"14":1,"15":2,"16":2,"17":2,"18":2,"19":1,"20":1,"21":2,"22":2,"23":2,"24":1,"25":1,"26":1,"27":1,"28":1,"29":1,"30":1,"31":1,"32":1,"33":1,"34":1,"35":1,"36":1,"37":1,"38":1,"39":2,"40":2,"41":1,"42":2,"43":2,"44":1,"45":2,"46":2,"47":1,"48":2,"49":2,"50":1,"51":1,"52":1,"53":1,"54":1},"b":{"1":[2,1,1,1],"2":[1,1,1,1],"3":[1,1],"4":[1,1],"5":[1,1],"6":[1,1],"7":[1,1],"8":[1,1],"9":[1,1],"10":[1,1,1],"11":[1,1],"12":[1,1],"13":[1,1],"14":[1,1],"15":[1,1],"16":[1,1],"17":[1,1]},"f":{"1":2,"2":2,"3":2,"4":2,"5":2,"6":1,"7":1,"8":1,"9":2,"10":2,"11":2,"12":2,"13":1},"fnMap":{"1":{"name":"(anonymous_1)","line":12,"loc":{"start":{"line":12,"column":1},"end":{"line":12,"column":13}}},"2":{"name":"(anonymous_2)","line":19,"loc":{"start":{"line":19,"column":5},"end":{"line":19,"column":17}}},"3":{"name":"(anonymous_3)","line":23,"loc":{"start":{"line":23,"column":24},"end":{"line":23,"column":36}}},"4":{"name":"(anonymous_4)","line":61,"loc":{"start":{"line":61,"column":5},"end":{"line":61,"column":17}}},"5":{"name":"(anonymous_5)","line":82,"loc":{"start":{"line":82,"column":5},"end":{"line":82,"column":17}}},"6":{"name":"(anonymous_6)","line":91,"loc":{"start":{"line":91,"column":77},"end":{"line":94,"column":10}}},"7":{"name":"(anonymous_7)","line":112,"loc":{"start":{"line":112,"column":83},"end":{"line":115,"column":10}},"skip":true},"8":{"name":"(anonymous_8)","line":123,"loc":{"start":{"line":123,"column":77},"end":{"line":126,"column":10}},"skip":true},"9":{"name":"(anonymous_9)","line":139,"loc":{"start":{"line":139,"column":12},"end":{"line":139,"column":40}},"skip":true},"10":{"name":"(anonymous_10)","line":147,"loc":{"start":{"line":147,"column":77},"end":{"line":150,"column":10}},"skip":true},"11":{"name":"(anonymous_11)","line":158,"loc":{"start":{"line":158,"column":83},"end":{"line":161,"column":10}},"skip":true},"12":{"name":"(anonymous_12)","line":169,"loc":{"start":{"line":169,"column":79},"end":{"line":172,"column":10}},"skip":true},"13":{"name":"(anonymous_13)","line":180,"loc":{"start":{"line":180,"column":75},"end":{"line":183,"column":10}},"skip":true}},"statementMap":{"1":{"start":{"line":12,"column":0},"end":{"line":195,"column":5}},"2":{"start":{"line":14,"column":4},"end":{"line":14,"column":14}},"3":{"start":{"line":19,"column":4},"end":{"line":56,"column":9}},"4":{"start":{"line":21,"column":8},"end":{"line":21,"column":19}},"5":{"start":{"line":23,"column":8},"end":{"line":35,"column":13}},"6":{"start":{"line":24,"column":12},"end":{"line":34,"column":13}},"7":{"start":{"line":25,"column":16},"end":{"line":28,"column":30}},"8":{"start":{"line":30,"column":16},"end":{"line":33,"column":27}},"9":{"start":{"line":37,"column":8},"end":{"line":39,"column":21}},"10":{"start":{"line":40,"column":8},"end":{"line":53,"column":9}},"11":{"start":{"line":43,"column":12},"end":{"line":46,"column":14}},"12":{"start":{"line":47,"column":12},"end":{"line":47,"column":18}},"13":{"start":{"line":50,"column":12},"end":{"line":51,"column":46}},"14":{"start":{"line":52,"column":12},"end":{"line":52,"column":18}},"15":{"start":{"line":55,"column":8},"end":{"line":55,"column":35}},"16":{"start":{"line":61,"column":4},"end":{"line":63,"column":9}},"17":{"start":{"line":62,"column":8},"end":{"line":62,"column":15}},"18":{"start":{"line":64,"column":4},"end":{"line":77,"column":5}},"19":{"start":{"line":70,"column":8},"end":{"line":70,"column":14}},"20":{"start":{"line":76,"column":8},"end":{"line":76,"column":14}},"21":{"start":{"line":82,"column":4},"end":{"line":84,"column":9}},"22":{"start":{"line":83,"column":8},"end":{"line":83,"column":15}},"23":{"start":{"line":85,"column":4},"end":{"line":194,"column":5}},"24":{"start":{"line":91,"column":8},"end":{"line":99,"column":10}},"25":{"start":{"line":98,"column":12},"end":{"line":98,"column":35}},"26":{"start":{"line":102,"column":8},"end":{"line":104,"column":63}},"27":{"start":{"line":105,"column":8},"end":{"line":105,"column":14}},"28":{"start":{"line":112,"column":8},"end":{"line":121,"column":10},"skip":true},"29":{"start":{"line":119,"column":12},"end":{"line":119,"column":55},"skip":true},"30":{"start":{"line":120,"column":12},"end":{"line":120,"column":48},"skip":true},"31":{"start":{"line":123,"column":8},"end":{"line":136,"column":10},"skip":true},"32":{"start":{"line":130,"column":12},"end":{"line":130,"column":76},"skip":true},"33":{"start":{"line":131,"column":12},"end":{"line":131,"column":73},"skip":true},"34":{"start":{"line":132,"column":12},"end":{"line":132,"column":74},"skip":true},"35":{"start":{"line":133,"column":12},"end":{"line":133,"column":79},"skip":true},"36":{"start":{"line":134,"column":12},"end":{"line":134,"column":25},"skip":true},"37":{"start":{"line":135,"column":12},"end":{"line":135,"column":45},"skip":true},"38":{"start":{"line":138,"column":8},"end":{"line":145,"column":14},"skip":true},"39":{"start":{"line":143,"column":16},"end":{"line":143,"column":29},"skip":true},"40":{"start":{"line":144,"column":16},"end":{"line":144,"column":55},"skip":true},"41":{"start":{"line":147,"column":8},"end":{"line":156,"column":10},"skip":true},"42":{"start":{"line":154,"column":12},"end":{"line":154,"column":25},"skip":true},"43":{"start":{"line":155,"column":12},"end":{"line":155,"column":45},"skip":true},"44":{"start":{"line":158,"column":8},"end":{"line":167,"column":10},"skip":true},"45":{"start":{"line":165,"column":12},"end":{"line":165,"column":25},"skip":true},"46":{"start":{"line":166,"column":12},"end":{"line":166,"column":48},"skip":true},"47":{"start":{"line":169,"column":8},"end":{"line":178,"column":10},"skip":true},"48":{"start":{"line":176,"column":12},"end":{"line":176,"column":25},"skip":true},"49":{"start":{"line":177,"column":12},"end":{"line":177,"column":46},"skip":true},"50":{"start":{"line":180,"column":8},"end":{"line":189,"column":10},"skip":true},"51":{"start":{"line":187,"column":12},"end":{"line":187,"column":94},"skip":true},"52":{"start":{"line":188,"column":12},"end":{"line":188,"column":48},"skip":true},"53":{"start":{"line":192,"column":8},"end":{"line":192,"column":35},"skip":true},"54":{"start":{"line":193,"column":8},"end":{"line":193,"column":14},"skip":true}},"branchMap":{"1":{"line":25,"type":"binary-expr","locations":[{"start":{"line":25,"column":23},"end":{"line":25,"column":62}},{"start":{"line":26,"column":20},"end":{"line":26,"column":70}},{"start":{"line":27,"column":20},"end":{"line":27,"column":71}},{"start":{"line":28,"column":20},"end":{"line":28,"column":29}}]},"2":{"line":30,"type":"binary-expr","locations":[{"start":{"line":30,"column":23},"end":{"line":30,"column":37}},{"start":{"line":31,"column":20},"end":{"line":31,"column":61}},{"start":{"line":32,"column":20},"end":{"line":32,"column":70}},{"start":{"line":33,"column":20},"end":{"line":33,"column":26}}]},"3":{"line":37,"type":"cond-expr","locations":[{"start":{"line":38,"column":14},"end":{"line":38,"column":20}},{"start":{"line":39,"column":14},"end":{"line":39,"column":20}}]},"4":{"line":40,"type":"switch","locations":[{"start":{"line":42,"column":8},"end":{"line":47,"column":18}},{"start":{"line":49,"column":8},"end":{"line":52,"column":18}}]},"5":{"line":44,"type":"binary-expr","locations":[{"start":{"line":44,"column":16},"end":{"line":44,"column":44}},{"start":{"line":44,"column":48},"end":{"line":44,"column":66}}]},"6":{"line":50,"type":"binary-expr","locations":[{"start":{"line":50,"column":21},"end":{"line":50,"column":49}},{"start":{"line":50,"column":53},"end":{"line":50,"column":72}}]},"7":{"line":64,"type":"switch","locations":[{"start":{"line":69,"column":4},"end":{"line":70,"column":14}},{"start":{"line":75,"column":4},"end":{"line":76,"column":14}}]},"8":{"line":85,"type":"switch","locations":[{"start":{"line":90,"column":4},"end":{"line":105,"column":14}},{"start":{"line":111,"column":4},"end":{"line":193,"column":14},"skip":true}]},"9":{"line":91,"type":"binary-expr","locations":[{"start":{"line":91,"column":42},"end":{"line":91,"column":73}},{"start":{"line":91,"column":77},"end":{"line":99,"column":9}}]},"10":{"line":102,"type":"binary-expr","locations":[{"start":{"line":102,"column":18},"end":{"line":102,"column":32}},{"start":{"line":103,"column":12},"end":{"line":103,"column":53}},{"start":{"line":104,"column":12},"end":{"line":104,"column":61}}]},"11":{"line":112,"type":"binary-expr","locations":[{"start":{"line":112,"column":45},"end":{"line":112,"column":79},"skip":true},{"start":{"line":112,"column":83},"end":{"line":121,"column":9},"skip":true}]},"12":{"line":123,"type":"binary-expr","locations":[{"start":{"line":123,"column":42},"end":{"line":123,"column":73},"skip":true},{"start":{"line":123,"column":77},"end":{"line":136,"column":9},"skip":true}]},"13":{"line":138,"type":"binary-expr","locations":[{"start":{"line":138,"column":48},"end":{"line":138,"column":85},"skip":true},{"start":{"line":139,"column":12},"end":{"line":145,"column":13},"skip":true}]},"14":{"line":147,"type":"binary-expr","locations":[{"start":{"line":147,"column":42},"end":{"line":147,"column":73},"skip":true},{"start":{"line":147,"column":77},"end":{"line":156,"column":9},"skip":true}]},"15":{"line":158,"type":"binary-expr","locations":[{"start":{"line":158,"column":45},"end":{"line":158,"column":79},"skip":true},{"start":{"line":158,"column":83},"end":{"line":167,"column":9},"skip":true}]},"16":{"line":169,"type":"binary-expr","locations":[{"start":{"line":169,"column":43},"end":{"line":169,"column":75},"skip":true},{"start":{"line":169,"column":79},"end":{"line":178,"column":9},"skip":true}]},"17":{"line":180,"type":"binary-expr","locations":[{"start":{"line":180,"column":41},"end":{"line":180,"column":71},"skip":true},{"start":{"line":180,"column":75},"end":{"line":189,"column":9},"skip":true}]}},"code":["/* istanbul instrument in package npmtest_js_crawler */","/*jslint","    bitwise: true,","    browser: true,","    maxerr: 8,","    maxlen: 96,","    node: true,","    nomen: true,","    regexp: true,","    stupid: true","*/","(function () {","    'use strict';","    var local;","","","","    // run shared js-env code - pre-init","    (function () {","        // init local","        local = {};","        // init modeJs","        local.modeJs = (function () {","            try {","                return typeof navigator.userAgent === 'string' &&","                    typeof document.querySelector('body') === 'object' &&","                    typeof XMLHttpRequest.prototype.open === 'function' &&","                    'browser';","            } catch (errorCaughtBrowser) {","                return module.exports &&","                    typeof process.versions.node === 'string' &&","                    typeof require('http').createServer === 'function' &&","                    'node';","            }","        }());","        // init global","        local.global = local.modeJs === 'browser'","            ? window","            : global;","        switch (local.modeJs) {","        // re-init local from window.local","        case 'browser':","            local = local.global.utility2.objectSetDefault(","                local.global.utility2_rollup || local.global.local,","                local.global.utility2","            );","            break;","        // re-init local from example.js","        case 'node':","            local = (local.global.utility2_rollup || require('utility2'))","                .requireExampleJsFromReadme();","            break;","        }","        // export local","        local.global.local = local;","    }());","","","","    // run shared js-env code - function","    (function () {","        return;","    }());","    switch (local.modeJs) {","","","","    // run browser js-env code - function","    case 'browser':","        break;","","","","    // run node js-env code - function","    case 'node':","        break;","    }","","","","    // run shared js-env code - post-init","    (function () {","        return;","    }());","    switch (local.modeJs) {","","","","    // run browser js-env code - post-init","    case 'browser':","        local.testCase_browser_nullCase = local.testCase_browser_nullCase || function (","            options,","            onError","        ) {","        /*","         * this function will test browsers's null-case handling-behavior-behavior","         */","            onError(null, options);","        };","","        // run tests","        local.nop(local.modeTest &&","            document.querySelector('#testRunButton1') &&","            document.querySelector('#testRunButton1').click());","        break;","","","","    // run node js-env code - post-init","    /* istanbul ignore next */","    case 'node':","        local.testCase_buildApidoc_default = local.testCase_buildApidoc_default || function (","            options,","            onError","        ) {","        /*","         * this function will test buildApidoc's default handling-behavior-behavior","         */","            options = { modulePathList: module.paths };","            local.buildApidoc(options, onError);","        };","","        local.testCase_buildApp_default = local.testCase_buildApp_default || function (","            options,","            onError","        ) {","        /*","         * this function will test buildApp's default handling-behavior-behavior","         */","            local.testCase_buildReadme_default(options, local.onErrorThrow);","            local.testCase_buildLib_default(options, local.onErrorThrow);","            local.testCase_buildTest_default(options, local.onErrorThrow);","            local.testCase_buildCustomOrg_default(options, local.onErrorThrow);","            options = [];","            local.buildApp(options, onError);","        };","","        local.testCase_buildCustomOrg_default = local.testCase_buildCustomOrg_default ||","            function (options, onError) {","            /*","             * this function will test buildCustomOrg's default handling-behavior","             */","                options = {};","                local.buildCustomOrg(options, onError);","            };","","        local.testCase_buildLib_default = local.testCase_buildLib_default || function (","            options,","            onError","        ) {","        /*","         * this function will test buildLib's default handling-behavior","         */","            options = {};","            local.buildLib(options, onError);","        };","","        local.testCase_buildReadme_default = local.testCase_buildReadme_default || function (","            options,","            onError","        ) {","        /*","         * this function will test buildReadme's default handling-behavior-behavior","         */","            options = {};","            local.buildReadme(options, onError);","        };","","        local.testCase_buildTest_default = local.testCase_buildTest_default || function (","            options,","            onError","        ) {","        /*","         * this function will test buildTest's default handling-behavior","         */","            options = {};","            local.buildTest(options, onError);","        };","","        local.testCase_webpage_default = local.testCase_webpage_default || function (","            options,","            onError","        ) {","        /*","         * this function will test webpage's default handling-behavior","         */","            options = { modeCoverageMerge: true, url: local.serverLocalHost + '?modeTest=1' };","            local.browserTest(options, onError);","        };","","        // run test-server","        local.testRunServer(local);","        break;","    }","}());",""],"l":{"12":2,"14":2,"19":2,"21":2,"23":2,"24":2,"25":2,"30":1,"37":2,"40":2,"43":1,"47":1,"50":1,"52":1,"55":2,"61":2,"62":2,"64":2,"70":1,"76":1,"82":2,"83":2,"85":2,"91":1,"98":1,"102":1,"105":1,"112":1,"119":1,"120":1,"123":1,"130":1,"131":1,"132":1,"133":1,"134":1,"135":1,"138":1,"143":2,"144":2,"147":1,"154":2,"155":2,"158":1,"165":2,"166":2,"169":1,"176":2,"177":2,"180":1,"187":1,"188":1,"192":1,"193":1}},"/home/travis/build/npmtest/node-npmtest-js-crawler/lib.npmtest_js_crawler.js":{"path":"/home/travis/build/npmtest/node-npmtest-js-crawler/lib.npmtest_js_crawler.js","s":{"1":2,"2":2,"3":2,"4":2,"5":2,"6":2,"7":2,"8":1,"9":2,"10":2,"11":2,"12":2,"13":1,"14":1,"15":1,"16":1},"b":{"1":[2,1,1,1],"2":[1,1,1,1],"3":[1,1],"4":[2,2],"5":[1,1]},"f":{"1":2,"2":2,"3":2},"fnMap":{"1":{"name":"(anonymous_1)","line":12,"loc":{"start":{"line":12,"column":1},"end":{"line":12,"column":13}}},"2":{"name":"(anonymous_2)","line":19,"loc":{"start":{"line":19,"column":5},"end":{"line":19,"column":17}}},"3":{"name":"(anonymous_3)","line":23,"loc":{"start":{"line":23,"column":24},"end":{"line":23,"column":36}}}},"statementMap":{"1":{"start":{"line":12,"column":0},"end":{"line":53,"column":5}},"2":{"start":{"line":14,"column":4},"end":{"line":14,"column":14}},"3":{"start":{"line":19,"column":4},"end":{"line":52,"column":9}},"4":{"start":{"line":21,"column":8},"end":{"line":21,"column":19}},"5":{"start":{"line":23,"column":8},"end":{"line":35,"column":13}},"6":{"start":{"line":24,"column":12},"end":{"line":34,"column":13}},"7":{"start":{"line":25,"column":16},"end":{"line":28,"column":30}},"8":{"start":{"line":30,"column":16},"end":{"line":33,"column":27}},"9":{"start":{"line":37,"column":8},"end":{"line":39,"column":21}},"10":{"start":{"line":41,"column":8},"end":{"line":41,"column":54}},"11":{"start":{"line":43,"column":8},"end":{"line":43,"column":55}},"12":{"start":{"line":45,"column":8},"end":{"line":51,"column":9}},"13":{"start":{"line":46,"column":12},"end":{"line":46,"column":61}},"14":{"start":{"line":48,"column":12},"end":{"line":48,"column":35}},"15":{"start":{"line":49,"column":12},"end":{"line":49,"column":49}},"16":{"start":{"line":50,"column":12},"end":{"line":50,"column":43}}},"branchMap":{"1":{"line":25,"type":"binary-expr","locations":[{"start":{"line":25,"column":23},"end":{"line":25,"column":62}},{"start":{"line":26,"column":20},"end":{"line":26,"column":70}},{"start":{"line":27,"column":20},"end":{"line":27,"column":71}},{"start":{"line":28,"column":20},"end":{"line":28,"column":29}}]},"2":{"line":30,"type":"binary-expr","locations":[{"start":{"line":30,"column":23},"end":{"line":30,"column":37}},{"start":{"line":31,"column":20},"end":{"line":31,"column":61}},{"start":{"line":32,"column":20},"end":{"line":32,"column":70}},{"start":{"line":33,"column":20},"end":{"line":33,"column":26}}]},"3":{"line":37,"type":"cond-expr","locations":[{"start":{"line":38,"column":14},"end":{"line":38,"column":20}},{"start":{"line":39,"column":14},"end":{"line":39,"column":20}}]},"4":{"line":41,"type":"binary-expr","locations":[{"start":{"line":41,"column":16},"end":{"line":41,"column":44}},{"start":{"line":41,"column":48},"end":{"line":41,"column":53}}]},"5":{"line":45,"type":"if","locations":[{"start":{"line":45,"column":8},"end":{"line":45,"column":8}},{"start":{"line":45,"column":8},"end":{"line":45,"column":8}}]}},"code":["/* istanbul instrument in package npmtest_js_crawler */","/*jslint","    bitwise: true,","    browser: true,","    maxerr: 8,","    maxlen: 96,","    node: true,","    nomen: true,","    regexp: true,","    stupid: true","*/","(function () {","    'use strict';","    var local;","","","","    // run shared js-env code - pre-init","    (function () {","        // init local","        local = {};","        // init modeJs","        local.modeJs = (function () {","            try {","                return typeof navigator.userAgent === 'string' &&","                    typeof document.querySelector('body') === 'object' &&","                    typeof XMLHttpRequest.prototype.open === 'function' &&","                    'browser';","            } catch (errorCaughtBrowser) {","                return module.exports &&","                    typeof process.versions.node === 'string' &&","                    typeof require('http').createServer === 'function' &&","                    'node';","            }","        }());","        // init global","        local.global = local.modeJs === 'browser'","            ? window","            : global;","        // init utility2_rollup","        local = local.global.utility2_rollup || local;","        // init lib","        local.local = local.npmtest_js_crawler = local;","        // init exports","        if (local.modeJs === 'browser') {","            local.global.utility2_npmtest_js_crawler = local;","        } else {","            module.exports = local;","            module.exports.__dirname = __dirname;","            module.exports.module = module;","        }","    }());","}());",""],"l":{"12":2,"14":2,"19":2,"21":2,"23":2,"24":2,"25":2,"30":1,"37":2,"41":2,"43":2,"45":2,"46":1,"48":1,"49":1,"50":1}},"/home/travis/build/npmtest/node-npmtest-js-crawler/example.js":{"path":"/home/travis/build/npmtest/node-npmtest-js-crawler/example.js","s":{"1":2,"2":2,"3":2,"4":2,"5":2,"6":2,"7":2,"8":1,"9":2,"10":2,"11":2,"12":2,"13":1,"14":2,"15":2,"16":2,"17":2,"18":2,"19":0,"20":2,"21":1,"22":1,"23":1,"24":1,"25":1,"26":0,"27":0,"28":1,"29":1,"30":2,"31":0,"32":0,"33":0,"34":1,"35":2,"36":2,"37":3,"38":3,"39":3,"40":3,"41":0,"42":3,"43":3,"44":3,"45":1,"46":3,"47":1,"48":1,"49":1,"50":1,"51":1,"52":1,"53":1,"54":1,"55":1,"56":1,"57":0,"58":1,"59":6,"60":6,"61":1,"62":2,"63":0,"64":2,"65":1,"66":1,"67":0,"68":0,"69":0,"70":0,"71":0,"72":0,"73":0,"74":0,"75":0,"76":0,"77":0,"78":0,"79":0,"80":0,"81":0,"82":0,"83":0},"b":{"1":[2,1,1,1],"2":[1,1,1,1],"3":[1,1],"4":[2,2],"5":[1,1],"6":[1,1],"7":[2,0],"8":[2,1,1,1,1,1],"9":[0,2,0],"10":[1,1],"11":[2,1,1],"12":[1,0],"13":[0,2],"14":[2,0,0,0,0,0,0],"15":[0,3],"16":[3,0],"17":[1,1],"18":[0,1],"19":[1,2,0,2],"20":[1,0],"21":[1,1],"22":[0,0],"23":[0,0],"24":[0,0],"25":[0,0],"26":[0,0],"27":[0,0],"28":[0,0]},"f":{"1":2,"2":2,"3":2,"4":2,"5":2,"6":2,"7":3,"8":3,"9":3,"10":1,"11":6,"12":0},"fnMap":{"1":{"name":"(anonymous_1)","line":26,"loc":{"start":{"line":26,"column":1},"end":{"line":26,"column":13}}},"2":{"name":"(anonymous_2)","line":33,"loc":{"start":{"line":33,"column":5},"end":{"line":33,"column":17}}},"3":{"name":"(anonymous_3)","line":37,"loc":{"start":{"line":37,"column":24},"end":{"line":37,"column":36}}},"4":{"name":"(anonymous_4)","line":69,"loc":{"start":{"line":69,"column":31},"end":{"line":69,"column":48}},"skip":true},"5":{"name":"(anonymous_5)","line":78,"loc":{"start":{"line":78,"column":26},"end":{"line":78,"column":45}},"skip":true},"6":{"name":"(anonymous_6)","line":123,"loc":{"start":{"line":123,"column":33},"end":{"line":123,"column":48}},"skip":true},"7":{"name":"(anonymous_7)","line":125,"loc":{"start":{"line":125,"column":27},"end":{"line":125,"column":39}},"skip":true},"8":{"name":"(anonymous_8)","line":133,"loc":{"start":{"line":133,"column":59},"end":{"line":133,"column":74}},"skip":true},"9":{"name":"(anonymous_9)","line":143,"loc":{"start":{"line":143,"column":45},"end":{"line":143,"column":62}},"skip":true},"10":{"name":"(anonymous_10)","line":144,"loc":{"start":{"line":144,"column":73},"end":{"line":144,"column":92}},"skip":true},"11":{"name":"(anonymous_11)","line":272,"loc":{"start":{"line":272,"column":51},"end":{"line":272,"column":77}},"skip":true},"12":{"name":"(anonymous_12)","line":315,"loc":{"start":{"line":315,"column":32},"end":{"line":315,"column":61}},"skip":true}},"statementMap":{"1":{"start":{"line":26,"column":0},"end":{"line":326,"column":5}},"2":{"start":{"line":28,"column":4},"end":{"line":28,"column":14}},"3":{"start":{"line":33,"column":4},"end":{"line":60,"column":9}},"4":{"start":{"line":35,"column":8},"end":{"line":35,"column":19}},"5":{"start":{"line":37,"column":8},"end":{"line":49,"column":13}},"6":{"start":{"line":38,"column":12},"end":{"line":48,"column":13}},"7":{"start":{"line":39,"column":16},"end":{"line":42,"column":30}},"8":{"start":{"line":44,"column":16},"end":{"line":47,"column":27}},"9":{"start":{"line":51,"column":8},"end":{"line":53,"column":21}},"10":{"start":{"line":55,"column":8},"end":{"line":57,"column":45}},"11":{"start":{"line":59,"column":8},"end":{"line":59,"column":35}},"12":{"start":{"line":61,"column":4},"end":{"line":325,"column":5}},"13":{"start":{"line":69,"column":8},"end":{"line":121,"column":10},"skip":true},"14":{"start":{"line":70,"column":12},"end":{"line":88,"column":13},"skip":true},"15":{"start":{"line":76,"column":16},"end":{"line":87,"column":19},"skip":true},"16":{"start":{"line":79,"column":20},"end":{"line":86,"column":21},"skip":true},"17":{"start":{"line":82,"column":24},"end":{"line":82,"column":43},"skip":true},"18":{"start":{"line":83,"column":24},"end":{"line":83,"column":30},"skip":true},"19":{"start":{"line":85,"column":24},"end":{"line":85,"column":49},"skip":true},"20":{"start":{"line":89,"column":12},"end":{"line":107,"column":13},"skip":true},"21":{"start":{"line":92,"column":16},"end":{"line":102,"column":17},"skip":true},"22":{"start":{"line":93,"column":20},"end":{"line":93,"column":86},"skip":true},"23":{"start":{"line":94,"column":20},"end":{"line":95,"column":45},"skip":true},"24":{"start":{"line":96,"column":20},"end":{"line":96,"column":42},"skip":true},"25":{"start":{"line":97,"column":20},"end":{"line":97,"column":48},"skip":true},"26":{"start":{"line":100,"column":20},"end":{"line":100,"column":85},"skip":true},"27":{"start":{"line":101,"column":20},"end":{"line":101,"column":96},"skip":true},"28":{"start":{"line":103,"column":16},"end":{"line":103,"column":22},"skip":true},"29":{"start":{"line":106,"column":16},"end":{"line":106,"column":22},"skip":true},"30":{"start":{"line":108,"column":12},"end":{"line":120,"column":13},"skip":true},"31":{"start":{"line":114,"column":16},"end":{"line":119,"column":17},"skip":true},"32":{"start":{"line":116,"column":20},"end":{"line":116,"column":78},"skip":true},"33":{"start":{"line":118,"column":20},"end":{"line":118,"column":47},"skip":true},"34":{"start":{"line":123,"column":8},"end":{"line":141,"column":11},"skip":true},"35":{"start":{"line":124,"column":12},"end":{"line":124,"column":54},"skip":true},"36":{"start":{"line":125,"column":12},"end":{"line":140,"column":14},"skip":true},"37":{"start":{"line":126,"column":16},"end":{"line":126,"column":28},"skip":true},"38":{"start":{"line":127,"column":16},"end":{"line":127,"column":69},"skip":true},"39":{"start":{"line":128,"column":16},"end":{"line":128,"column":75},"skip":true},"40":{"start":{"line":129,"column":16},"end":{"line":131,"column":17},"skip":true},"41":{"start":{"line":130,"column":20},"end":{"line":130,"column":27},"skip":true},"42":{"start":{"line":133,"column":16},"end":{"line":137,"column":36},"skip":true},"43":{"start":{"line":134,"column":20},"end":{"line":136,"column":55},"skip":true},"44":{"start":{"line":139,"column":16},"end":{"line":139,"column":57},"skip":true},"45":{"start":{"line":143,"column":8},"end":{"line":147,"column":11},"skip":true},"46":{"start":{"line":144,"column":12},"end":{"line":146,"column":15},"skip":true},"47":{"start":{"line":145,"column":16},"end":{"line":145,"column":70},"skip":true},"48":{"start":{"line":149,"column":8},"end":{"line":149,"column":31},"skip":true},"49":{"start":{"line":150,"column":8},"end":{"line":150,"column":14},"skip":true},"50":{"start":{"line":158,"column":8},"end":{"line":158,"column":31},"skip":true},"51":{"start":{"line":160,"column":8},"end":{"line":160,"column":33},"skip":true},"52":{"start":{"line":161,"column":8},"end":{"line":161,"column":37},"skip":true},"53":{"start":{"line":162,"column":8},"end":{"line":162,"column":35},"skip":true},"54":{"start":{"line":164,"column":8},"end":{"line":164,"column":50},"skip":true},"55":{"start":{"line":166,"column":8},"end":{"line":256,"column":2},"skip":true},"56":{"start":{"line":258,"column":8},"end":{"line":286,"column":9},"skip":true},"57":{"start":{"line":259,"column":12},"end":{"line":269,"column":14},"skip":true},"58":{"start":{"line":271,"column":12},"end":{"line":285,"column":19},"skip":true},"59":{"start":{"line":274,"column":20},"end":{"line":274,"column":35},"skip":true},"60":{"start":{"line":275,"column":20},"end":{"line":284,"column":21},"skip":true},"61":{"start":{"line":277,"column":24},"end":{"line":277,"column":64},"skip":true},"62":{"start":{"line":279,"column":24},"end":{"line":279,"column":40},"skip":true},"63":{"start":{"line":281,"column":24},"end":{"line":281,"column":40},"skip":true},"64":{"start":{"line":283,"column":24},"end":{"line":283,"column":39},"skip":true},"65":{"start":{"line":288,"column":8},"end":{"line":290,"column":9},"skip":true},"66":{"start":{"line":289,"column":12},"end":{"line":289,"column":18},"skip":true},"67":{"start":{"line":291,"column":8},"end":{"line":293,"column":54},"skip":true},"68":{"start":{"line":296,"column":8},"end":{"line":301,"column":37},"skip":true},"69":{"start":{"line":303,"column":8},"end":{"line":303,"column":82},"skip":true},"70":{"start":{"line":306,"column":8},"end":{"line":308,"column":9},"skip":true},"71":{"start":{"line":307,"column":12},"end":{"line":307,"column":82},"skip":true},"72":{"start":{"line":310,"column":8},"end":{"line":312,"column":9},"skip":true},"73":{"start":{"line":311,"column":12},"end":{"line":311,"column":18},"skip":true},"74":{"start":{"line":313,"column":8},"end":{"line":313,"column":54},"skip":true},"75":{"start":{"line":314,"column":8},"end":{"line":314,"column":69},"skip":true},"76":{"start":{"line":315,"column":8},"end":{"line":323,"column":36},"skip":true},"77":{"start":{"line":316,"column":12},"end":{"line":316,"column":61},"skip":true},"78":{"start":{"line":317,"column":12},"end":{"line":320,"column":13},"skip":true},"79":{"start":{"line":318,"column":16},"end":{"line":318,"column":75},"skip":true},"80":{"start":{"line":319,"column":16},"end":{"line":319,"column":23},"skip":true},"81":{"start":{"line":321,"column":12},"end":{"line":321,"column":38},"skip":true},"82":{"start":{"line":322,"column":12},"end":{"line":322,"column":27},"skip":true},"83":{"start":{"line":324,"column":8},"end":{"line":324,"column":14},"skip":true}},"branchMap":{"1":{"line":39,"type":"binary-expr","locations":[{"start":{"line":39,"column":23},"end":{"line":39,"column":62}},{"start":{"line":40,"column":20},"end":{"line":40,"column":70}},{"start":{"line":41,"column":20},"end":{"line":41,"column":71}},{"start":{"line":42,"column":20},"end":{"line":42,"column":29}}]},"2":{"line":44,"type":"binary-expr","locations":[{"start":{"line":44,"column":23},"end":{"line":44,"column":37}},{"start":{"line":45,"column":20},"end":{"line":45,"column":61}},{"start":{"line":46,"column":20},"end":{"line":46,"column":70}},{"start":{"line":47,"column":20},"end":{"line":47,"column":26}}]},"3":{"line":51,"type":"cond-expr","locations":[{"start":{"line":52,"column":14},"end":{"line":52,"column":20}},{"start":{"line":53,"column":14},"end":{"line":53,"column":20}}]},"4":{"line":55,"type":"binary-expr","locations":[{"start":{"line":55,"column":16},"end":{"line":55,"column":44}},{"start":{"line":55,"column":49},"end":{"line":57,"column":43}}]},"5":{"line":55,"type":"cond-expr","locations":[{"start":{"line":56,"column":14},"end":{"line":56,"column":54}},{"start":{"line":57,"column":14},"end":{"line":57,"column":43}}]},"6":{"line":61,"type":"switch","locations":[{"start":{"line":68,"column":4},"end":{"line":150,"column":14},"skip":true},{"start":{"line":156,"column":4},"end":{"line":324,"column":14},"skip":true}]},"7":{"line":70,"type":"if","locations":[{"start":{"line":70,"column":12},"end":{"line":70,"column":12},"skip":true},{"start":{"line":70,"column":12},"end":{"line":70,"column":12},"skip":true}]},"8":{"line":70,"type":"binary-expr","locations":[{"start":{"line":70,"column":16},"end":{"line":70,"column":22},"skip":true},{"start":{"line":70,"column":27},"end":{"line":70,"column":32},"skip":true},{"start":{"line":71,"column":20},"end":{"line":71,"column":39},"skip":true},{"start":{"line":72,"column":20},"end":{"line":72,"column":49},"skip":true},{"start":{"line":73,"column":20},"end":{"line":73,"column":58},"skip":true},{"start":{"line":74,"column":20},"end":{"line":74,"column":69},"skip":true}]},"9":{"line":79,"type":"switch","locations":[{"start":{"line":80,"column":20},"end":{"line":80,"column":33},"skip":true},{"start":{"line":81,"column":20},"end":{"line":83,"column":30},"skip":true},{"start":{"line":84,"column":20},"end":{"line":85,"column":49},"skip":true}]},"10":{"line":89,"type":"switch","locations":[{"start":{"line":90,"column":12},"end":{"line":103,"column":22},"skip":true},{"start":{"line":105,"column":12},"end":{"line":106,"column":22},"skip":true}]},"11":{"line":89,"type":"binary-expr","locations":[{"start":{"line":89,"column":20},"end":{"line":89,"column":25},"skip":true},{"start":{"line":89,"column":29},"end":{"line":89,"column":48},"skip":true},{"start":{"line":89,"column":52},"end":{"line":89,"column":74},"skip":true}]},"12":{"line":92,"type":"if","locations":[{"start":{"line":92,"column":16},"end":{"line":92,"column":16},"skip":true},{"start":{"line":92,"column":16},"end":{"line":92,"column":16},"skip":true}]},"13":{"line":108,"type":"if","locations":[{"start":{"line":108,"column":12},"end":{"line":108,"column":12},"skip":true},{"start":{"line":108,"column":12},"end":{"line":108,"column":12},"skip":true}]},"14":{"line":108,"type":"binary-expr","locations":[{"start":{"line":108,"column":16},"end":{"line":108,"column":61},"skip":true},{"start":{"line":108,"column":66},"end":{"line":108,"column":72},"skip":true},{"start":{"line":108,"column":77},"end":{"line":108,"column":82},"skip":true},{"start":{"line":109,"column":20},"end":{"line":109,"column":39},"skip":true},{"start":{"line":110,"column":20},"end":{"line":110,"column":49},"skip":true},{"start":{"line":111,"column":20},"end":{"line":111,"column":58},"skip":true},{"start":{"line":112,"column":20},"end":{"line":112,"column":68},"skip":true}]},"15":{"line":129,"type":"if","locations":[{"start":{"line":129,"column":16},"end":{"line":129,"column":16},"skip":true},{"start":{"line":129,"column":16},"end":{"line":129,"column":16},"skip":true}]},"16":{"line":134,"type":"cond-expr","locations":[{"start":{"line":135,"column":26},"end":{"line":135,"column":29},"skip":true},{"start":{"line":136,"column":26},"end":{"line":136,"column":54},"skip":true}]},"17":{"line":164,"type":"binary-expr","locations":[{"start":{"line":164,"column":27},"end":{"line":164,"column":43},"skip":true},{"start":{"line":164,"column":47},"end":{"line":164,"column":49},"skip":true}]},"18":{"line":258,"type":"if","locations":[{"start":{"line":258,"column":8},"end":{"line":258,"column":8},"skip":true},{"start":{"line":258,"column":8},"end":{"line":258,"column":8},"skip":true}]},"19":{"line":275,"type":"switch","locations":[{"start":{"line":276,"column":20},"end":{"line":277,"column":64},"skip":true},{"start":{"line":278,"column":20},"end":{"line":279,"column":40},"skip":true},{"start":{"line":280,"column":20},"end":{"line":281,"column":40},"skip":true},{"start":{"line":282,"column":20},"end":{"line":283,"column":39},"skip":true}]},"20":{"line":288,"type":"if","locations":[{"start":{"line":288,"column":8},"end":{"line":288,"column":8},"skip":true},{"start":{"line":288,"column":8},"end":{"line":288,"column":8},"skip":true}]},"21":{"line":288,"type":"binary-expr","locations":[{"start":{"line":288,"column":12},"end":{"line":288,"column":40},"skip":true},{"start":{"line":288,"column":44},"end":{"line":288,"column":67},"skip":true}]},"22":{"line":292,"type":"binary-expr","locations":[{"start":{"line":292,"column":12},"end":{"line":292,"column":50},"skip":true},{"start":{"line":293,"column":12},"end":{"line":293,"column":53},"skip":true}]},"23":{"line":297,"type":"binary-expr","locations":[{"start":{"line":297,"column":12},"end":{"line":297,"column":68},"skip":true},{"start":{"line":298,"column":12},"end":{"line":301,"column":36},"skip":true}]},"24":{"line":303,"type":"binary-expr","locations":[{"start":{"line":303,"column":43},"end":{"line":303,"column":75},"skip":true},{"start":{"line":303,"column":79},"end":{"line":303,"column":81},"skip":true}]},"25":{"line":306,"type":"if","locations":[{"start":{"line":306,"column":8},"end":{"line":306,"column":8},"skip":true},{"start":{"line":306,"column":8},"end":{"line":306,"column":8},"skip":true}]},"26":{"line":310,"type":"if","locations":[{"start":{"line":310,"column":8},"end":{"line":310,"column":8},"skip":true},{"start":{"line":310,"column":8},"end":{"line":310,"column":8},"skip":true}]},"27":{"line":313,"type":"binary-expr","locations":[{"start":{"line":313,"column":27},"end":{"line":313,"column":43},"skip":true},{"start":{"line":313,"column":47},"end":{"line":313,"column":53},"skip":true}]},"28":{"line":317,"type":"if","locations":[{"start":{"line":317,"column":12},"end":{"line":317,"column":12},"skip":true},{"start":{"line":317,"column":12},"end":{"line":317,"column":12},"skip":true}]}},"code":["/*","example.js","","quickstart example","","instruction","    1. save this script as example.js","    2. run the shell command:","        $ npm install npmtest-js-crawler && PORT=8081 node example.js","    3. play with the browser-demo on http://127.0.0.1:8081","*/","","","","/* istanbul instrument in package npmtest_js_crawler */","/*jslint","    bitwise: true,","    browser: true,","    maxerr: 8,","    maxlen: 96,","    node: true,","    nomen: true,","    regexp: true,","    stupid: true","*/","(function () {","    'use strict';","    var local;","","","","    // run shared js-env code - pre-init","    (function () {","        // init local","        local = {};","        // init modeJs","        local.modeJs = (function () {","            try {","                return typeof navigator.userAgent === 'string' &&","                    typeof document.querySelector('body') === 'object' &&","                    typeof XMLHttpRequest.prototype.open === 'function' &&","                    'browser';","            } catch (errorCaughtBrowser) {","                return module.exports &&","                    typeof process.versions.node === 'string' &&","                    typeof require('http').createServer === 'function' &&","                    'node';","            }","        }());","        // init global","        local.global = local.modeJs === 'browser'","            ? window","            : global;","        // init utility2_rollup","        local = local.global.utility2_rollup || (local.modeJs === 'browser'","            ? local.global.utility2_npmtest_js_crawler","            : global.utility2_moduleExports);","        // export local","        local.global.local = local;","    }());","    switch (local.modeJs) {","","","","    // post-init","    // run browser js-env code - post-init","    /* istanbul ignore next */","    case 'browser':","        local.testRunBrowser = function (event) {","            if (!event || (event &&","                    event.currentTarget &&","                    event.currentTarget.className &&","                    event.currentTarget.className.includes &&","                    event.currentTarget.className.includes('onreset'))) {","                // reset output","                Array.from(","                    document.querySelectorAll('body > .resettable')","                ).forEach(function (element) {","                    switch (element.tagName) {","                    case 'INPUT':","                    case 'TEXTAREA':","                        element.value = '';","                        break;","                    default:","                        element.textContent = '';","                    }","                });","            }","            switch (event && event.currentTarget && event.currentTarget.id) {","            case 'testRunButton1':","                // show tests","                if (document.querySelector('#testReportDiv1').style.display === 'none') {","                    document.querySelector('#testReportDiv1').style.display = 'block';","                    document.querySelector('#testRunButton1').textContent =","                        'hide internal test';","                    local.modeTest = true;","                    local.testRunDefault(local);","                // hide tests","                } else {","                    document.querySelector('#testReportDiv1').style.display = 'none';","                    document.querySelector('#testRunButton1').textContent = 'run internal test';","                }","                break;","            // custom-case","            default:","                break;","            }","            if (document.querySelector('#inputTextareaEval1') && (!event || (event &&","                    event.currentTarget &&","                    event.currentTarget.className &&","                    event.currentTarget.className.includes &&","                    event.currentTarget.className.includes('oneval')))) {","                // try to eval input-code","                try {","                    /*jslint evil: true*/","                    eval(document.querySelector('#inputTextareaEval1').value);","                } catch (errorCaught) {","                    console.error(errorCaught);","                }","            }","        };","        // log stderr and stdout to #outputTextareaStdout1","        ['error', 'log'].forEach(function (key) {","            console[key + '_original'] = console[key];","            console[key] = function () {","                var element;","                console[key + '_original'].apply(console, arguments);","                element = document.querySelector('#outputTextareaStdout1');","                if (!element) {","                    return;","                }","                // append text to #outputTextareaStdout1","                element.value += Array.from(arguments).map(function (arg) {","                    return typeof arg === 'string'","                        ? arg","                        : JSON.stringify(arg, null, 4);","                }).join(' ') + '\\n';","                // scroll textarea to bottom","                element.scrollTop = element.scrollHeight;","            };","        });","        // init event-handling","        ['change', 'click', 'keyup'].forEach(function (event) {","            Array.from(document.querySelectorAll('.on' + event)).forEach(function (element) {","                element.addEventListener(event, local.testRunBrowser);","            });","        });","        // run tests","        local.testRunBrowser();","        break;","","","","    // run node js-env code - post-init","    /* istanbul ignore next */","    case 'node':","        // export local","        module.exports = local;","        // require modules","        local.fs = require('fs');","        local.http = require('http');","        local.url = require('url');","        // init assets","        local.assetsDict = local.assetsDict || {};","        /* jslint-ignore-begin */","        local.assetsDict['/assets.index.template.html'] = '\\","<!doctype html>\\n\\","<html lang=\"en\">\\n\\","<head>\\n\\","<meta charset=\"UTF-8\">\\n\\","<meta name=\"viewport\" content=\"width=device-width, initial-scale=1\">\\n\\","<title>{{env.npm_package_name}} (v{{env.npm_package_version}})</title>\\n\\","<style>\\n\\","/*csslint\\n\\","    box-sizing: false,\\n\\","    universal-selector: false\\n\\","*/\\n\\","* {\\n\\","    box-sizing: border-box;\\n\\","}\\n\\","body {\\n\\","    background: #dde;\\n\\","    font-family: Arial, Helvetica, sans-serif;\\n\\","    margin: 2rem;\\n\\","}\\n\\","body > * {\\n\\","    margin-bottom: 1rem;\\n\\","}\\n\\",".utility2FooterDiv {\\n\\","    margin-top: 20px;\\n\\","    text-align: center;\\n\\","}\\n\\","</style>\\n\\","<style>\\n\\","/*csslint\\n\\","*/\\n\\","textarea {\\n\\","    font-family: monospace;\\n\\","    height: 10rem;\\n\\","    width: 100%;\\n\\","}\\n\\","textarea[readonly] {\\n\\","    background: #ddd;\\n\\","}\\n\\","</style>\\n\\","</head>\\n\\","<body>\\n\\","<!-- utility2-comment\\n\\","<div id=\"ajaxProgressDiv1\" style=\"background: #d00; height: 2px; left: 0; margin: 0; padding: 0; position: fixed; top: 0; transition: background 0.5s, width 1.5s; width: 25%;\"></div>\\n\\","utility2-comment -->\\n\\","<h1>\\n\\","<!-- utility2-comment\\n\\","    <a\\n\\","        {{#if env.npm_package_homepage}}\\n\\","        href=\"{{env.npm_package_homepage}}\"\\n\\","        {{/if env.npm_package_homepage}}\\n\\","        target=\"_blank\"\\n\\","    >\\n\\","utility2-comment -->\\n\\","        {{env.npm_package_name}} (v{{env.npm_package_version}})\\n\\","<!-- utility2-comment\\n\\","    </a>\\n\\","utility2-comment -->\\n\\","</h1>\\n\\","<h3>{{env.npm_package_description}}</h3>\\n\\","<!-- utility2-comment\\n\\","<h4><a download href=\"assets.app.js\">download standalone app</a></h4>\\n\\","<button class=\"onclick onreset\" id=\"testRunButton1\">run internal test</button><br>\\n\\","<div id=\"testReportDiv1\" style=\"display: none;\"></div>\\n\\","utility2-comment -->\\n\\","\\n\\","\\n\\","\\n\\","<label>stderr and stdout</label>\\n\\","<textarea class=\"resettable\" id=\"outputTextareaStdout1\" readonly></textarea>\\n\\","<!-- utility2-comment\\n\\","{{#if isRollup}}\\n\\","<script src=\"assets.app.js\"></script>\\n\\","{{#unless isRollup}}\\n\\","utility2-comment -->\\n\\","<script src=\"assets.utility2.rollup.js\"></script>\\n\\","<script src=\"jsonp.utility2._stateInit?callback=window.utility2._stateInit\"></script>\\n\\","<script src=\"assets.npmtest_js_crawler.rollup.js\"></script>\\n\\","<script src=\"assets.example.js\"></script>\\n\\","<script src=\"assets.test.js\"></script>\\n\\","<!-- utility2-comment\\n\\","{{/if isRollup}}\\n\\","utility2-comment -->\\n\\","<div class=\"utility2FooterDiv\">\\n\\","    [ this app was created with\\n\\","    <a href=\"https://github.com/kaizhu256/node-utility2\" target=\"_blank\">utility2</a>\\n\\","    ]\\n\\","</div>\\n\\","</body>\\n\\","</html>\\n\\","';","        /* jslint-ignore-end */","        if (local.templateRender) {","            local.assetsDict['/'] = local.templateRender(","                local.assetsDict['/assets.index.template.html'],","                {","                    env: local.objectSetDefault(local.env, {","                        npm_package_description: 'the greatest app in the world!',","                        npm_package_name: 'my-app',","                        npm_package_nameAlias: 'my_app',","                        npm_package_version: '0.0.1'","                    })","                }","            );","        } else {","            local.assetsDict['/'] = local.assetsDict['/assets.index.template.html']","                .replace((/\\{\\{env\\.(\\w+?)\\}\\}/g), function (match0, match1) {","                    // jslint-hack","                    String(match0);","                    switch (match1) {","                    case 'npm_package_description':","                        return 'the greatest app in the world!';","                    case 'npm_package_name':","                        return 'my-app';","                    case 'npm_package_nameAlias':","                        return 'my_app';","                    case 'npm_package_version':","                        return '0.0.1';","                    }","                });","        }","        // run the cli","        if (local.global.utility2_rollup || module !== require.main) {","            break;","        }","        local.assetsDict['/assets.example.js'] =","            local.assetsDict['/assets.example.js'] ||","            local.fs.readFileSync(__filename, 'utf8');","        // bug-workaround - long $npm_package_buildCustomOrg","        /* jslint-ignore-begin */","        local.assetsDict['/assets.npmtest_js_crawler.rollup.js'] =","            local.assetsDict['/assets.npmtest_js_crawler.rollup.js'] ||","            local.fs.readFileSync(","                local.npmtest_js_crawler.__dirname + '/lib.npmtest_js_crawler.js',","                'utf8'","            ).replace((/^#!/), '//');","        /* jslint-ignore-end */","        local.assetsDict['/favicon.ico'] = local.assetsDict['/favicon.ico'] || '';","        // if $npm_config_timeout_exit exists,","        // then exit this process after $npm_config_timeout_exit ms","        if (Number(process.env.npm_config_timeout_exit)) {","            setTimeout(process.exit, Number(process.env.npm_config_timeout_exit));","        }","        // start server","        if (local.global.utility2_serverHttp1) {","            break;","        }","        process.env.PORT = process.env.PORT || '8081';","        console.error('server starting on port ' + process.env.PORT);","        local.http.createServer(function (request, response) {","            request.urlParsed = local.url.parse(request.url);","            if (local.assetsDict[request.urlParsed.pathname] !== undefined) {","                response.end(local.assetsDict[request.urlParsed.pathname]);","                return;","            }","            response.statusCode = 404;","            response.end();","        }).listen(process.env.PORT);","        break;","    }","}());",""],"l":{"26":2,"28":2,"33":2,"35":2,"37":2,"38":2,"39":2,"44":1,"51":2,"55":2,"59":2,"61":2,"69":1,"70":2,"76":2,"79":2,"82":2,"83":2,"85":1,"89":2,"92":1,"93":1,"94":1,"96":1,"97":1,"100":1,"101":1,"103":1,"106":1,"108":2,"114":1,"116":1,"118":1,"123":1,"124":2,"125":2,"126":3,"127":3,"128":3,"129":3,"130":1,"133":3,"134":3,"139":3,"143":1,"144":3,"145":1,"149":1,"150":1,"158":1,"160":1,"161":1,"162":1,"164":1,"166":1,"258":1,"259":1,"271":1,"274":6,"275":6,"277":1,"279":2,"281":1,"283":2,"288":1,"289":1,"291":1,"296":1,"303":1,"306":1,"307":1,"310":1,"311":1,"313":1,"314":1,"315":1,"316":1,"317":1,"318":1,"319":1,"321":1,"322":1,"324":1}},"/home/travis/build/npmtest/node-npmtest-js-crawler/node_modules/js-crawler/crawler.js":{"path":"/home/travis/build/npmtest/node-npmtest-js-crawler/node_modules/js-crawler/crawler.js","s":{"1":1,"2":1,"3":1,"4":1,"5":1,"6":1,"7":1,"8":1,"9":0,"10":0,"11":0,"12":0,"13":0,"14":0,"15":0,"16":1,"17":0,"18":1,"19":0,"20":1,"21":0,"22":1,"23":0,"24":0,"25":0,"26":0,"27":0,"28":0,"29":0,"30":0,"31":0,"32":0,"33":0,"34":0,"35":0,"36":0,"37":1,"38":0,"39":0,"40":0,"41":0,"42":0,"43":0,"44":0,"45":0,"46":0,"47":0,"48":0,"49":0,"50":0,"51":0,"52":1,"53":0,"54":0,"55":0,"56":0,"57":0,"58":0,"59":0,"60":0,"61":0,"62":0,"63":0,"64":0,"65":1,"66":0,"67":0,"68":0,"69":1,"70":0,"71":0,"72":0,"73":0,"74":0,"75":0,"76":0,"77":0,"78":0,"79":0,"80":0,"81":0,"82":0,"83":1,"84":0,"85":0,"86":0,"87":1,"88":0,"89":0,"90":1,"91":0,"92":0,"93":0,"94":0,"95":0,"96":1,"97":0,"98":0,"99":0,"100":0,"101":0,"102":0,"103":0,"104":0,"105":0,"106":0,"107":0,"108":0,"109":0,"110":0,"111":0,"112":0,"113":1,"114":0,"115":0,"116":0,"117":0,"118":0,"119":0,"120":0,"121":0,"122":0,"123":0,"124":0,"125":0,"126":0,"127":0,"128":0,"129":0,"130":0,"131":0,"132":0,"133":0,"134":0,"135":0,"136":1,"137":0,"138":1,"139":0,"140":0,"141":0,"142":0,"143":0,"144":0,"145":0,"146":0,"147":0,"148":1,"149":0,"150":1,"151":0,"152":0,"153":0,"154":0,"155":0,"156":1,"157":0,"158":1,"159":0,"160":0,"161":0,"162":0,"163":0,"164":0,"165":0,"166":0,"167":0,"168":0,"169":0,"170":0,"171":1,"172":0,"173":0,"174":0,"175":1},"b":{"1":[0,0],"2":[0,0],"3":[0,0],"4":[0,0],"5":[0,0],"6":[0,0],"7":[0,0],"8":[0,0,0],"9":[0,0,0],"10":[0,0,0],"11":[0,0,0],"12":[0,0,0],"13":[0,0,0],"14":[0,0,0],"15":[0,0],"16":[0,0],"17":[0,0],"18":[0,0],"19":[0,0],"20":[0,0],"21":[0,0],"22":[0,0],"23":[0,0],"24":[0,0],"25":[0,0],"26":[0,0],"27":[0,0],"28":[0,0],"29":[0,0],"30":[0,0],"31":[0,0],"32":[0,0],"33":[0,0,0],"34":[0,0],"35":[0,0],"36":[0,0],"37":[0,0,0,0],"38":[0,0],"39":[0,0],"40":[0,0,0,0],"41":[0,0],"42":[0,0],"43":[0,0]},"f":{"1":0,"2":0,"3":0,"4":0,"5":0,"6":0,"7":0,"8":0,"9":0,"10":0,"11":0,"12":0,"13":0,"14":0,"15":0,"16":0,"17":0,"18":0,"19":0,"20":0,"21":0,"22":0,"23":0,"24":0,"25":0,"26":0,"27":0,"28":0,"29":0,"30":0,"31":0,"32":0,"33":0,"34":0,"35":0,"36":0},"fnMap":{"1":{"name":"Executor","line":13,"loc":{"start":{"line":13,"column":0},"end":{"line":13,"column":24}}},"2":{"name":"(anonymous_2)","line":15,"loc":{"start":{"line":15,"column":37},"end":{"line":15,"column":48}}},"3":{"name":"(anonymous_3)","line":16,"loc":{"start":{"line":16,"column":39},"end":{"line":16,"column":50}}},"4":{"name":"(anonymous_4)","line":22,"loc":{"start":{"line":22,"column":28},"end":{"line":22,"column":70}}},"5":{"name":"(anonymous_5)","line":31,"loc":{"start":{"line":31,"column":27},"end":{"line":31,"column":38}}},"6":{"name":"(anonymous_6)","line":35,"loc":{"start":{"line":35,"column":26},"end":{"line":35,"column":37}}},"7":{"name":"(anonymous_7)","line":39,"loc":{"start":{"line":39,"column":39},"end":{"line":39,"column":50}}},"8":{"name":"(anonymous_8)","line":48,"loc":{"start":{"line":48,"column":19},"end":{"line":48,"column":30}}},"9":{"name":"(anonymous_9)","line":60,"loc":{"start":{"line":60,"column":13},"end":{"line":60,"column":24}}},"10":{"name":"Crawler","line":68,"loc":{"start":{"line":68,"column":0},"end":{"line":68,"column":19}}},"11":{"name":"(anonymous_11)","line":86,"loc":{"start":{"line":86,"column":21},"end":{"line":86,"column":35}}},"12":{"name":"(anonymous_12)","line":89,"loc":{"start":{"line":89,"column":30},"end":{"line":89,"column":44}}},"13":{"name":"(anonymous_13)","line":100,"loc":{"start":{"line":100,"column":30},"end":{"line":100,"column":48}}},"14":{"name":"(anonymous_14)","line":115,"loc":{"start":{"line":115,"column":36},"end":{"line":115,"column":47}}},"15":{"name":"(anonymous_15)","line":120,"loc":{"start":{"line":120,"column":16},"end":{"line":120,"column":27}}},"16":{"name":"(anonymous_16)","line":126,"loc":{"start":{"line":126,"column":26},"end":{"line":126,"column":77}}},"17":{"name":"(anonymous_17)","line":150,"loc":{"start":{"line":150,"column":34},"end":{"line":150,"column":45}}},"18":{"name":"(anonymous_18)","line":156,"loc":{"start":{"line":156,"column":37},"end":{"line":156,"column":51}}},"19":{"name":"(anonymous_19)","line":162,"loc":{"start":{"line":162,"column":38},"end":{"line":162,"column":52}}},"20":{"name":"(anonymous_20)","line":172,"loc":{"start":{"line":172,"column":32},"end":{"line":172,"column":60}}},"21":{"name":"(anonymous_21)","line":183,"loc":{"start":{"line":183,"column":27},"end":{"line":183,"column":55}}},"22":{"name":"(anonymous_22)","line":185,"loc":{"start":{"line":185,"column":26},"end":{"line":185,"column":58}}},"23":{"name":"shouldSkip","line":191,"loc":{"start":{"line":191,"column":32},"end":{"line":191,"column":54}}},"24":{"name":"(anonymous_24)","line":201,"loc":{"start":{"line":201,"column":30},"end":{"line":201,"column":60}}},"25":{"name":"(anonymous_25)","line":219,"loc":{"start":{"line":219,"column":5},"end":{"line":219,"column":31}}},"26":{"name":"(anonymous_26)","line":225,"loc":{"start":{"line":225,"column":28},"end":{"line":225,"column":47}}},"27":{"name":"(anonymous_27)","line":267,"loc":{"start":{"line":267,"column":35},"end":{"line":267,"column":54}}},"28":{"name":"(anonymous_28)","line":272,"loc":{"start":{"line":272,"column":36},"end":{"line":272,"column":55}}},"29":{"name":"(anonymous_29)","line":289,"loc":{"start":{"line":289,"column":35},"end":{"line":289,"column":49}}},"30":{"name":"(anonymous_30)","line":293,"loc":{"start":{"line":293,"column":32},"end":{"line":293,"column":63}}},"31":{"name":"(anonymous_31)","line":308,"loc":{"start":{"line":308,"column":45},"end":{"line":308,"column":60}}},"32":{"name":"(anonymous_32)","line":313,"loc":{"start":{"line":313,"column":32},"end":{"line":313,"column":63}}},"33":{"name":"(anonymous_33)","line":322,"loc":{"start":{"line":322,"column":9},"end":{"line":322,"column":24}}},"34":{"name":"(anonymous_34)","line":330,"loc":{"start":{"line":330,"column":12},"end":{"line":330,"column":27}}},"35":{"name":"(anonymous_35)","line":339,"loc":{"start":{"line":339,"column":31},"end":{"line":339,"column":62}}},"36":{"name":"(anonymous_36)","line":342,"loc":{"start":{"line":342,"column":15},"end":{"line":342,"column":29}}}},"statementMap":{"1":{"start":{"line":1,"column":0},"end":{"line":1,"column":33}},"2":{"start":{"line":2,"column":0},"end":{"line":2,"column":30}},"3":{"start":{"line":3,"column":0},"end":{"line":3,"column":25}},"4":{"start":{"line":5,"column":0},"end":{"line":5,"column":22}},"5":{"start":{"line":6,"column":0},"end":{"line":6,"column":41}},"6":{"start":{"line":7,"column":0},"end":{"line":7,"column":42}},"7":{"start":{"line":8,"column":0},"end":{"line":8,"column":45}},"8":{"start":{"line":13,"column":0},"end":{"line":20,"column":1}},"9":{"start":{"line":14,"column":2},"end":{"line":14,"column":48}},"10":{"start":{"line":15,"column":2},"end":{"line":15,"column":51}},"11":{"start":{"line":16,"column":2},"end":{"line":16,"column":65}},"12":{"start":{"line":16,"column":51},"end":{"line":16,"column":63}},"13":{"start":{"line":17,"column":2},"end":{"line":17,"column":18}},"14":{"start":{"line":18,"column":2},"end":{"line":18,"column":25}},"15":{"start":{"line":19,"column":2},"end":{"line":19,"column":54}},"16":{"start":{"line":22,"column":0},"end":{"line":29,"column":2}},"17":{"start":{"line":23,"column":2},"end":{"line":28,"column":5}},"18":{"start":{"line":31,"column":0},"end":{"line":33,"column":2}},"19":{"start":{"line":32,"column":2},"end":{"line":32,"column":27}},"20":{"start":{"line":35,"column":0},"end":{"line":37,"column":2}},"21":{"start":{"line":36,"column":2},"end":{"line":36,"column":24}},"22":{"start":{"line":39,"column":0},"end":{"line":63,"column":2}},"23":{"start":{"line":40,"column":2},"end":{"line":40,"column":18}},"24":{"start":{"line":42,"column":2},"end":{"line":56,"column":3}},"25":{"start":{"line":43,"column":4},"end":{"line":55,"column":5}},"26":{"start":{"line":44,"column":6},"end":{"line":44,"column":45}},"27":{"start":{"line":45,"column":6},"end":{"line":45,"column":110}},"28":{"start":{"line":47,"column":6},"end":{"line":54,"column":7}},"29":{"start":{"line":48,"column":8},"end":{"line":50,"column":11}},"30":{"start":{"line":49,"column":10},"end":{"line":49,"column":35}},"31":{"start":{"line":51,"column":8},"end":{"line":51,"column":15}},"32":{"start":{"line":53,"column":8},"end":{"line":53,"column":76}},"33":{"start":{"line":57,"column":2},"end":{"line":59,"column":3}},"34":{"start":{"line":58,"column":4},"end":{"line":58,"column":11}},"35":{"start":{"line":60,"column":2},"end":{"line":62,"column":21}},"36":{"start":{"line":61,"column":4},"end":{"line":61,"column":29}},"37":{"start":{"line":68,"column":0},"end":{"line":98,"column":1}},"38":{"start":{"line":74,"column":2},"end":{"line":74,"column":22}},"39":{"start":{"line":80,"column":2},"end":{"line":80,"column":24}},"40":{"start":{"line":81,"column":2},"end":{"line":81,"column":29}},"41":{"start":{"line":82,"column":2},"end":{"line":82,"column":30}},"42":{"start":{"line":83,"column":2},"end":{"line":83,"column":37}},"43":{"start":{"line":84,"column":2},"end":{"line":84,"column":63}},"44":{"start":{"line":85,"column":2},"end":{"line":85,"column":62}},"45":{"start":{"line":86,"column":2},"end":{"line":88,"column":4}},"46":{"start":{"line":87,"column":4},"end":{"line":87,"column":16}},"47":{"start":{"line":89,"column":2},"end":{"line":91,"column":4}},"48":{"start":{"line":90,"column":4},"end":{"line":90,"column":16}},"49":{"start":{"line":93,"column":2},"end":{"line":93,"column":32}},"50":{"start":{"line":94,"column":2},"end":{"line":94,"column":36}},"51":{"start":{"line":97,"column":2},"end":{"line":97,"column":25}},"52":{"start":{"line":100,"column":0},"end":{"line":113,"column":2}},"53":{"start":{"line":101,"column":2},"end":{"line":101,"column":56}},"54":{"start":{"line":102,"column":2},"end":{"line":102,"column":39}},"55":{"start":{"line":103,"column":2},"end":{"line":103,"column":83}},"56":{"start":{"line":104,"column":2},"end":{"line":104,"column":68}},"57":{"start":{"line":105,"column":2},"end":{"line":105,"column":104}},"58":{"start":{"line":106,"column":2},"end":{"line":106,"column":101}},"59":{"start":{"line":107,"column":2},"end":{"line":107,"column":74}},"60":{"start":{"line":108,"column":2},"end":{"line":108,"column":101}},"61":{"start":{"line":109,"column":2},"end":{"line":109,"column":26}},"62":{"start":{"line":110,"column":2},"end":{"line":110,"column":26}},"63":{"start":{"line":111,"column":2},"end":{"line":111,"column":30}},"64":{"start":{"line":112,"column":2},"end":{"line":112,"column":14}},"65":{"start":{"line":115,"column":0},"end":{"line":124,"column":2}},"66":{"start":{"line":116,"column":2},"end":{"line":116,"column":18}},"67":{"start":{"line":118,"column":2},"end":{"line":123,"column":5}},"68":{"start":{"line":121,"column":6},"end":{"line":121,"column":72}},"69":{"start":{"line":126,"column":0},"end":{"line":144,"column":2}},"70":{"start":{"line":127,"column":2},"end":{"line":127,"column":45}},"71":{"start":{"line":128,"column":2},"end":{"line":128,"column":28}},"72":{"start":{"line":130,"column":2},"end":{"line":137,"column":3}},"73":{"start":{"line":131,"column":4},"end":{"line":131,"column":22}},"74":{"start":{"line":133,"column":4},"end":{"line":133,"column":32}},"75":{"start":{"line":134,"column":4},"end":{"line":134,"column":32}},"76":{"start":{"line":135,"column":4},"end":{"line":135,"column":37}},"77":{"start":{"line":136,"column":4},"end":{"line":136,"column":22}},"78":{"start":{"line":138,"column":2},"end":{"line":138,"column":29}},"79":{"start":{"line":139,"column":2},"end":{"line":139,"column":29}},"80":{"start":{"line":140,"column":2},"end":{"line":140,"column":37}},"81":{"start":{"line":141,"column":2},"end":{"line":141,"column":40}},"82":{"start":{"line":143,"column":2},"end":{"line":143,"column":14}},"83":{"start":{"line":150,"column":0},"end":{"line":154,"column":2}},"84":{"start":{"line":151,"column":2},"end":{"line":151,"column":22}},"85":{"start":{"line":152,"column":2},"end":{"line":152,"column":24}},"86":{"start":{"line":153,"column":2},"end":{"line":153,"column":14}},"87":{"start":{"line":156,"column":0},"end":{"line":160,"column":2}},"88":{"start":{"line":157,"column":2},"end":{"line":159,"column":3}},"89":{"start":{"line":158,"column":4},"end":{"line":158,"column":39}},"90":{"start":{"line":162,"column":0},"end":{"line":170,"column":1}},"91":{"start":{"line":163,"column":2},"end":{"line":163,"column":57}},"92":{"start":{"line":165,"column":2},"end":{"line":165,"column":49}},"93":{"start":{"line":166,"column":2},"end":{"line":169,"column":3}},"94":{"start":{"line":167,"column":4},"end":{"line":167,"column":63}},"95":{"start":{"line":168,"column":4},"end":{"line":168,"column":50}},"96":{"start":{"line":172,"column":0},"end":{"line":199,"column":2}},"97":{"start":{"line":174,"column":2},"end":{"line":174,"column":18}},"98":{"start":{"line":175,"column":2},"end":{"line":175,"column":24}},"99":{"start":{"line":178,"column":2},"end":{"line":180,"column":3}},"100":{"start":{"line":179,"column":4},"end":{"line":179,"column":11}},"101":{"start":{"line":182,"column":2},"end":{"line":182,"column":29}},"102":{"start":{"line":183,"column":2},"end":{"line":198,"column":5}},"103":{"start":{"line":184,"column":4},"end":{"line":184,"column":36}},"104":{"start":{"line":185,"column":4},"end":{"line":190,"column":7}},"105":{"start":{"line":186,"column":6},"end":{"line":186,"column":49}},"106":{"start":{"line":187,"column":6},"end":{"line":187,"column":38}},"107":{"start":{"line":188,"column":6},"end":{"line":188,"column":34}},"108":{"start":{"line":189,"column":6},"end":{"line":189,"column":38}},"109":{"start":{"line":193,"column":4},"end":{"line":193,"column":47}},"110":{"start":{"line":194,"column":4},"end":{"line":196,"column":5}},"111":{"start":{"line":195,"column":6},"end":{"line":195,"column":34}},"112":{"start":{"line":197,"column":4},"end":{"line":197,"column":62}},"113":{"start":{"line":201,"column":0},"end":{"line":265,"column":2}},"114":{"start":{"line":203,"column":2},"end":{"line":205,"column":3}},"115":{"start":{"line":204,"column":4},"end":{"line":204,"column":11}},"116":{"start":{"line":207,"column":2},"end":{"line":207,"column":18}},"117":{"start":{"line":209,"column":2},"end":{"line":264,"column":5}},"118":{"start":{"line":220,"column":4},"end":{"line":223,"column":5}},"119":{"start":{"line":222,"column":6},"end":{"line":222,"column":13}},"120":{"start":{"line":224,"column":4},"end":{"line":224,"column":31}},"121":{"start":{"line":225,"column":4},"end":{"line":227,"column":7}},"122":{"start":{"line":226,"column":6},"end":{"line":226,"column":50}},"123":{"start":{"line":229,"column":4},"end":{"line":229,"column":54}},"124":{"start":{"line":230,"column":4},"end":{"line":230,"column":115}},"125":{"start":{"line":232,"column":4},"end":{"line":263,"column":5}},"126":{"start":{"line":234,"column":6},"end":{"line":234,"column":61}},"127":{"start":{"line":236,"column":6},"end":{"line":251,"column":7}},"128":{"start":{"line":237,"column":8},"end":{"line":245,"column":11}},"129":{"start":{"line":246,"column":8},"end":{"line":246,"column":54}},"130":{"start":{"line":247,"column":8},"end":{"line":247,"column":54}},"131":{"start":{"line":248,"column":8},"end":{"line":250,"column":9}},"132":{"start":{"line":249,"column":10},"end":{"line":249,"column":109}},"133":{"start":{"line":252,"column":11},"end":{"line":263,"column":5}},"134":{"start":{"line":253,"column":6},"end":{"line":261,"column":9}},"135":{"start":{"line":262,"column":6},"end":{"line":262,"column":33}},"136":{"start":{"line":267,"column":0},"end":{"line":270,"column":2}},"137":{"start":{"line":268,"column":2},"end":{"line":269,"column":67}},"138":{"start":{"line":272,"column":0},"end":{"line":287,"column":2}},"139":{"start":{"line":273,"column":2},"end":{"line":273,"column":31}},"140":{"start":{"line":274,"column":2},"end":{"line":274,"column":33}},"141":{"start":{"line":276,"column":2},"end":{"line":278,"column":3}},"142":{"start":{"line":277,"column":4},"end":{"line":277,"column":52}},"143":{"start":{"line":280,"column":2},"end":{"line":280,"column":18}},"144":{"start":{"line":281,"column":2},"end":{"line":285,"column":3}},"145":{"start":{"line":282,"column":4},"end":{"line":282,"column":51}},"146":{"start":{"line":284,"column":4},"end":{"line":284,"column":58}},"147":{"start":{"line":286,"column":2},"end":{"line":286,"column":21}},"148":{"start":{"line":289,"column":0},"end":{"line":291,"column":2}},"149":{"start":{"line":290,"column":2},"end":{"line":290,"column":40}},"150":{"start":{"line":293,"column":0},"end":{"line":306,"column":2}},"151":{"start":{"line":299,"column":2},"end":{"line":299,"column":43}},"152":{"start":{"line":300,"column":2},"end":{"line":300,"column":47}},"153":{"start":{"line":301,"column":2},"end":{"line":303,"column":3}},"154":{"start":{"line":302,"column":4},"end":{"line":302,"column":26}},"155":{"start":{"line":305,"column":2},"end":{"line":305,"column":55}},"156":{"start":{"line":308,"column":0},"end":{"line":311,"column":2}},"157":{"start":{"line":309,"column":2},"end":{"line":310,"column":69}},"158":{"start":{"line":313,"column":0},"end":{"line":337,"column":2}},"159":{"start":{"line":314,"column":2},"end":{"line":314,"column":18}},"160":{"start":{"line":315,"column":2},"end":{"line":315,"column":35}},"161":{"start":{"line":316,"column":2},"end":{"line":316,"column":55}},"162":{"start":{"line":317,"column":2},"end":{"line":317,"column":111}},"163":{"start":{"line":318,"column":2},"end":{"line":318,"column":43}},"164":{"start":{"line":321,"column":2},"end":{"line":333,"column":13}},"165":{"start":{"line":323,"column":6},"end":{"line":323,"column":56}},"166":{"start":{"line":325,"column":6},"end":{"line":325,"column":22}},"167":{"start":{"line":326,"column":6},"end":{"line":326,"column":40}},"168":{"start":{"line":327,"column":6},"end":{"line":327,"column":18}},"169":{"start":{"line":331,"column":6},"end":{"line":331,"column":75}},"170":{"start":{"line":336,"column":2},"end":{"line":336,"column":14}},"171":{"start":{"line":339,"column":0},"end":{"line":345,"column":2}},"172":{"start":{"line":340,"column":2},"end":{"line":340,"column":18}},"173":{"start":{"line":342,"column":2},"end":{"line":344,"column":5}},"174":{"start":{"line":343,"column":4},"end":{"line":343,"column":40}},"175":{"start":{"line":347,"column":0},"end":{"line":347,"column":25}}},"branchMap":{"1":{"line":15,"type":"binary-expr","locations":[{"start":{"line":15,"column":20},"end":{"line":15,"column":33}},{"start":{"line":15,"column":37},"end":{"line":15,"column":50}}]},"2":{"line":16,"type":"binary-expr","locations":[{"start":{"line":16,"column":20},"end":{"line":16,"column":35}},{"start":{"line":16,"column":39},"end":{"line":16,"column":64}}]},"3":{"line":42,"type":"if","locations":[{"start":{"line":42,"column":2},"end":{"line":42,"column":2}},{"start":{"line":42,"column":2},"end":{"line":42,"column":2}}]},"4":{"line":43,"type":"if","locations":[{"start":{"line":43,"column":4},"end":{"line":43,"column":4}},{"start":{"line":43,"column":4},"end":{"line":43,"column":4}}]},"5":{"line":45,"type":"binary-expr","locations":[{"start":{"line":45,"column":28},"end":{"line":45,"column":52}},{"start":{"line":45,"column":56},"end":{"line":45,"column":108}}]},"6":{"line":47,"type":"if","locations":[{"start":{"line":47,"column":6},"end":{"line":47,"column":6}},{"start":{"line":47,"column":6},"end":{"line":47,"column":6}}]},"7":{"line":57,"type":"if","locations":[{"start":{"line":57,"column":2},"end":{"line":57,"column":2}},{"start":{"line":57,"column":2},"end":{"line":57,"column":2}}]},"8":{"line":101,"type":"binary-expr","locations":[{"start":{"line":101,"column":16},"end":{"line":101,"column":23}},{"start":{"line":101,"column":27},"end":{"line":101,"column":40}},{"start":{"line":101,"column":45},"end":{"line":101,"column":55}}]},"9":{"line":103,"type":"binary-expr","locations":[{"start":{"line":103,"column":25},"end":{"line":103,"column":32}},{"start":{"line":103,"column":36},"end":{"line":103,"column":58}},{"start":{"line":103,"column":63},"end":{"line":103,"column":82}}]},"10":{"line":104,"type":"binary-expr","locations":[{"start":{"line":104,"column":20},"end":{"line":104,"column":27}},{"start":{"line":104,"column":31},"end":{"line":104,"column":48}},{"start":{"line":104,"column":53},"end":{"line":104,"column":67}}]},"11":{"line":105,"type":"binary-expr","locations":[{"start":{"line":105,"column":32},"end":{"line":105,"column":39}},{"start":{"line":105,"column":43},"end":{"line":105,"column":72}},{"start":{"line":105,"column":77},"end":{"line":105,"column":103}}]},"12":{"line":106,"type":"binary-expr","locations":[{"start":{"line":106,"column":31},"end":{"line":106,"column":38}},{"start":{"line":106,"column":42},"end":{"line":106,"column":70}},{"start":{"line":106,"column":75},"end":{"line":106,"column":100}}]},"13":{"line":107,"type":"binary-expr","locations":[{"start":{"line":107,"column":22},"end":{"line":107,"column":29}},{"start":{"line":107,"column":33},"end":{"line":107,"column":52}},{"start":{"line":107,"column":57},"end":{"line":107,"column":73}}]},"14":{"line":108,"type":"binary-expr","locations":[{"start":{"line":108,"column":31},"end":{"line":108,"column":38}},{"start":{"line":108,"column":42},"end":{"line":108,"column":70}},{"start":{"line":108,"column":75},"end":{"line":108,"column":100}}]},"15":{"line":130,"type":"if","locations":[{"start":{"line":130,"column":2},"end":{"line":130,"column":2}},{"start":{"line":130,"column":2},"end":{"line":130,"column":2}}]},"16":{"line":157,"type":"if","locations":[{"start":{"line":157,"column":2},"end":{"line":157,"column":2}},{"start":{"line":157,"column":2},"end":{"line":157,"column":2}}]},"17":{"line":166,"type":"if","locations":[{"start":{"line":166,"column":2},"end":{"line":166,"column":2}},{"start":{"line":166,"column":2},"end":{"line":166,"column":2}}]},"18":{"line":167,"type":"binary-expr","locations":[{"start":{"line":167,"column":4},"end":{"line":167,"column":22}},{"start":{"line":167,"column":26},"end":{"line":167,"column":62}}]},"19":{"line":168,"type":"binary-expr","locations":[{"start":{"line":168,"column":4},"end":{"line":168,"column":21}},{"start":{"line":168,"column":25},"end":{"line":168,"column":49}}]},"20":{"line":178,"type":"if","locations":[{"start":{"line":178,"column":2},"end":{"line":178,"column":2}},{"start":{"line":178,"column":2},"end":{"line":178,"column":2}}]},"21":{"line":178,"type":"binary-expr","locations":[{"start":{"line":178,"column":6},"end":{"line":178,"column":47}},{"start":{"line":178,"column":51},"end":{"line":178,"column":82}}]},"22":{"line":194,"type":"if","locations":[{"start":{"line":194,"column":4},"end":{"line":194,"column":4}},{"start":{"line":194,"column":4},"end":{"line":194,"column":4}}]},"23":{"line":197,"type":"binary-expr","locations":[{"start":{"line":197,"column":11},"end":{"line":197,"column":42}},{"start":{"line":197,"column":46},"end":{"line":197,"column":61}}]},"24":{"line":203,"type":"if","locations":[{"start":{"line":203,"column":2},"end":{"line":203,"column":2}},{"start":{"line":203,"column":2},"end":{"line":203,"column":2}}]},"25":{"line":203,"type":"binary-expr","locations":[{"start":{"line":203,"column":7},"end":{"line":203,"column":18}},{"start":{"line":203,"column":23},"end":{"line":203,"column":42}}]},"26":{"line":220,"type":"if","locations":[{"start":{"line":220,"column":4},"end":{"line":220,"column":4}},{"start":{"line":220,"column":4},"end":{"line":220,"column":4}}]},"27":{"line":230,"type":"cond-expr","locations":[{"start":{"line":230,"column":31},"end":{"line":230,"column":61}},{"start":{"line":230,"column":64},"end":{"line":230,"column":114}}]},"28":{"line":232,"type":"if","locations":[{"start":{"line":232,"column":4},"end":{"line":232,"column":4}},{"start":{"line":232,"column":4},"end":{"line":232,"column":4}}]},"29":{"line":232,"type":"binary-expr","locations":[{"start":{"line":232,"column":8},"end":{"line":232,"column":14}},{"start":{"line":232,"column":19},"end":{"line":232,"column":46}}]},"30":{"line":236,"type":"if","locations":[{"start":{"line":236,"column":6},"end":{"line":236,"column":6}},{"start":{"line":236,"column":6},"end":{"line":236,"column":6}}]},"31":{"line":244,"type":"binary-expr","locations":[{"start":{"line":244,"column":19},"end":{"line":244,"column":26}},{"start":{"line":244,"column":30},"end":{"line":244,"column":32}}]},"32":{"line":248,"type":"if","locations":[{"start":{"line":248,"column":8},"end":{"line":248,"column":8}},{"start":{"line":248,"column":8},"end":{"line":248,"column":8}}]},"33":{"line":248,"type":"binary-expr","locations":[{"start":{"line":248,"column":12},"end":{"line":248,"column":61}},{"start":{"line":248,"column":65},"end":{"line":248,"column":74}},{"start":{"line":248,"column":78},"end":{"line":248,"column":91}}]},"34":{"line":252,"type":"if","locations":[{"start":{"line":252,"column":11},"end":{"line":252,"column":11}},{"start":{"line":252,"column":11},"end":{"line":252,"column":11}}]},"35":{"line":255,"type":"cond-expr","locations":[{"start":{"line":255,"column":27},"end":{"line":255,"column":46}},{"start":{"line":255,"column":49},"end":{"line":255,"column":58}}]},"36":{"line":260,"type":"binary-expr","locations":[{"start":{"line":260,"column":17},"end":{"line":260,"column":24}},{"start":{"line":260,"column":28},"end":{"line":260,"column":30}}]},"37":{"line":268,"type":"binary-expr","locations":[{"start":{"line":268,"column":17},"end":{"line":268,"column":25}},{"start":{"line":268,"column":29},"end":{"line":268,"column":45}},{"start":{"line":268,"column":49},"end":{"line":268,"column":81}},{"start":{"line":269,"column":9},"end":{"line":269,"column":65}}]},"38":{"line":276,"type":"if","locations":[{"start":{"line":276,"column":2},"end":{"line":276,"column":2}},{"start":{"line":276,"column":2},"end":{"line":276,"column":2}}]},"39":{"line":301,"type":"if","locations":[{"start":{"line":301,"column":2},"end":{"line":301,"column":2}},{"start":{"line":301,"column":2},"end":{"line":301,"column":2}}]},"40":{"line":309,"type":"binary-expr","locations":[{"start":{"line":309,"column":10},"end":{"line":309,"column":33}},{"start":{"line":309,"column":37},"end":{"line":309,"column":64}},{"start":{"line":310,"column":7},"end":{"line":310,"column":35}},{"start":{"line":310,"column":39},"end":{"line":310,"column":68}}]},"41":{"line":317,"type":"cond-expr","locations":[{"start":{"line":317,"column":41},"end":{"line":317,"column":78}},{"start":{"line":317,"column":81},"end":{"line":317,"column":110}}]},"42":{"line":318,"type":"binary-expr","locations":[{"start":{"line":318,"column":14},"end":{"line":318,"column":36}},{"start":{"line":318,"column":40},"end":{"line":318,"column":42}}]},"43":{"line":331,"type":"binary-expr","locations":[{"start":{"line":331,"column":13},"end":{"line":331,"column":48}},{"start":{"line":331,"column":52},"end":{"line":331,"column":74}}]}},"code":["var request = require('request');","var _ = require('underscore');","var url = require('url');","","var DEFAULT_DEPTH = 2;","var DEFAULT_MAX_CONCURRENT_REQUESTS = 10;","var DEFAULT_MAX_REQUESTS_PER_SECOND = 100;","var DEFAULT_USERAGENT = 'crawler/js-crawler';","","/*"," * Executor that handles throttling and task processing rate."," */","function Executor(opts) {","  this.maxRatePerSecond = opts.maxRatePerSecond;","  this.onFinished = opts.finished || function() {};","  this.canProceed = opts.canProceed || function() {return true;};","  this.queue = [];","  this.isStopped = false;","  this.timeoutMs = (1 / this.maxRatePerSecond) * 1000;","}","","Executor.prototype.submit = function(func, context, args, shouldSkip) {","  this.queue.push({","    func: func,","    context: context,","    args: args,","    shouldSkip: shouldSkip","  });","};","","Executor.prototype.start = function() {","  this._processQueueItem();","};","","Executor.prototype.stop = function() {","  this.isStopped = true;","};","","Executor.prototype._processQueueItem = function() {","  var self = this;","","  if (this.canProceed()) {","    if (this.queue.length !== 0) {","      var nextExecution = this.queue.shift();","      var shouldSkipNext = (nextExecution.shouldSkip && nextExecution.shouldSkip.call(nextExecution.context));","","      if (shouldSkipNext) {","        setTimeout(function() {","          self._processQueueItem();","        });","        return;","      } else {","        nextExecution.func.apply(nextExecution.context, nextExecution.args);","      }","    }","  }","  if (this.isStopped) {","    return;","  }","  setTimeout(function() {","    self._processQueueItem();","  }, this.timeoutMs);","};","","/*"," * Main crawler functionality."," */","function Crawler() {","","  /*","   * Urls that the Crawler has visited, as some pages may be in the middle of a redirect chain, not all the knownUrls will be actually","   * reported in the onSuccess or onFailure callbacks, only the final urls in the corresponding redirect chains","   */","  this.knownUrls = {};","","  /*","   * Urls that were reported in the onSuccess or onFailure callbacks. this.crawledUrls is a subset of this.knownUrls, and matches it","   * iff there were no redirects while crawling.","   */","  this.crawledUrls = [];","  this.depth = DEFAULT_DEPTH;","  this.ignoreRelative = false;","  this.userAgent = DEFAULT_USERAGENT;","  this.maxConcurrentRequests = DEFAULT_MAX_CONCURRENT_REQUESTS;","  this.maxRequestsPerSecond = DEFAULT_MAX_REQUESTS_PER_SECOND;","  this.shouldCrawl = function(url) {","    return true;","  };","  this.shouldCrawlLinksFrom = function(url) {","    return true;","  };","  //Urls that are queued for crawling, for some of them HTTP requests may not yet have been issued","  this._currentUrlsToCrawl = [];","  this._concurrentRequestNumber = 0;","","  //Injecting request as a dependency for unit test support","  this.request = request;","}","","Crawler.prototype.configure = fun
[...]
9":{"name":"(anonymous_19)","line":164,"loc":{"start":{"line":164,"column":18},"end":{"line":164,"column":40}}},"20":{"name":"(anonymous_20)","line":183,"loc":{"start":{"line":183,"column":17},"end":{"line":183,"column":32}}},"21":{"name":"(anonymous_21)","line":186,"loc":{"start":{"line":186,"column":17},"end":{"line":186,"column":33}}},"22":{"name":"(anonymous_22)","line":191,"loc":{"start":{"line":191,"column":18},"end":{"line":191,"column":40}}},"23":{"name":"(anonymous_23)","line":208,"loc":{"start":{"line":208,"column":21},"end":{"line":208,"column":35}}},"24":{"name":"onSuccess","line":214,"loc":{"start":{"line":214,"column":8},"end":{"line":214,"column":33}}},"25":{"name":"onFailure","line":216,"loc":{"start":{"line":216,"column":8},"end":{"line":216,"column":29}}},"26":{"name":"onAllFinished","line":219,"loc":{"start":{"line":219,"column":8},"end":{"line":219,"column":44}}},"27":{"name":"(anonymous_27)","line":228,"loc":{"start":{"line":228,"column":21},"end":{"line":228,"column":35}}},"28":{"name":"onSuccess","line":233,"loc":{"start":{"line":233,"column":8},"end":{"line":233,"column":33}}},"29":{"name":"onFailure","line":235,"loc":{"start":{"line":235,"column":8},"end":{"line":235,"column":29}}},"30":{"name":"onAllFinished","line":238,"loc":{"start":{"line":238,"column":8},"end":{"line":238,"column":44}}}},"statementMap":{"1":{"start":{"line":1,"column":0},"end":{"line":1,"column":36}},"2":{"start":{"line":2,"column":0},"end":{"line":2,"column":30}},"3":{"start":{"line":4,"column":0},"end":{"line":257,"column":3}},"4":{"start":{"line":6,"column":2},"end":{"line":6,"column":14}},"5":{"start":{"line":8,"column":2},"end":{"line":11,"column":5}},"6":{"start":{"line":9,"column":4},"end":{"line":9,"column":28}},"7":{"start":{"line":10,"column":4},"end":{"line":10,"column":35}},"8":{"start":{"line":13,"column":2},"end":{"line":38,"column":5}},"9":{"start":{"line":15,"column":4},"end":{"line":37,"column":7}},"10":{"start":{"line":16,"column":6},"end":{"line":16,"column":27}},"11":{"start":{"line":17,"column":6},"end":{"line":23,"column":8}},"12":{"start":{"line":25,"column":6},"end":{"line":36,"column":8}},"13":{"start":{"line":27,"column":10},"end":{"line":27,"column":37}},"14":{"start":{"line":30,"column":10},"end":{"line":30,"column":52}},"15":{"start":{"line":33,"column":10},"end":{"line":33,"column":66}},"16":{"start":{"line":34,"column":10},"end":{"line":34,"column":17}},"17":{"start":{"line":40,"column":2},"end":{"line":68,"column":5}},"18":{"start":{"line":42,"column":4},"end":{"line":67,"column":7}},"19":{"start":{"line":43,"column":6},"end":{"line":43,"column":27}},"20":{"start":{"line":44,"column":6},"end":{"line":46,"column":8}},"21":{"start":{"line":47,"column":6},"end":{"line":52,"column":8}},"22":{"start":{"line":54,"column":6},"end":{"line":66,"column":8}},"23":{"start":{"line":56,"column":10},"end":{"line":56,"column":37}},"24":{"start":{"line":59,"column":10},"end":{"line":59,"column":52}},"25":{"start":{"line":62,"column":10},"end":{"line":62,"column":66}},"26":{"start":{"line":63,"column":10},"end":{"line":63,"column":90}},"27":{"start":{"line":64,"column":10},"end":{"line":64,"column":17}},"28":{"start":{"line":70,"column":2},"end":{"line":93,"column":5}},"29":{"start":{"line":72,"column":4},"end":{"line":92,"column":7}},"30":{"start":{"line":73,"column":6},"end":{"line":73,"column":27}},"31":{"start":{"line":74,"column":6},"end":{"line":78,"column":8}},"32":{"start":{"line":80,"column":6},"end":{"line":91,"column":8}},"33":{"start":{"line":82,"column":10},"end":{"line":82,"column":37}},"34":{"start":{"line":85,"column":10},"end":{"line":85,"column":52}},"35":{"start":{"line":88,"column":10},"end":{"line":88,"column":66}},"36":{"start":{"line":89,"column":10},"end":{"line":89,"column":17}},"37":{"start":{"line":95,"column":2},"end":{"line":110,"column":5}},"38":{"start":{"line":97,"column":4},"end":{"line":109,"column":7}},"39":{"start":{"line":98,"column":6},"end":{"line":108,"column":8}},"40":{"start":{"line":100,"column":10},"end":{"line":100,"column":86}},"41":{"start":{"line":101,"column":10},"end":{"line":101,"column":43}},"42":{"start":{"line":102,"column":10},"end":{"line":102,"column":84}},"43":{"start":{"line":103,"column":10},"end":{"line":103,"column":40}},"44":{"start":{"line":104,"column":10},"end":{"line":104,"column":47}},"45":{"start":{"line":105,"column":10},"end":{"line":105,"column":50}},"46":{"start":{"line":106,"column":10},"end":{"line":106,"column":17}},"47":{"start":{"line":112,"column":2},"end":{"line":129,"column":5}},"48":{"start":{"line":114,"column":4},"end":{"line":128,"column":7}},"49":{"start":{"line":115,"column":6},"end":{"line":115,"column":31}},"50":{"start":{"line":117,"column":6},"end":{"line":127,"column":8}},"51":{"start":{"line":119,"column":10},"end":{"line":119,"column":93}},"52":{"start":{"line":120,"column":10},"end":{"line":120,"column":54}},"53":{"start":{"line":121,"column":10},"end":{"line":121,"column":89}},"54":{"start":{"line":122,"column":10},"end":{"line":122,"column":40}},"55":{"start":{"line":123,"column":10},"end":{"line":123,"column":47}},"56":{"start":{"line":124,"column":10},"end":{"line":124,"column":50}},"57":{"start":{"line":125,"column":10},"end":{"line":125,"column":17}},"58":{"start":{"line":131,"column":2},"end":{"line":170,"column":5}},"59":{"start":{"line":133,"column":4},"end":{"line":150,"column":7}},"60":{"start":{"line":134,"column":6},"end":{"line":134,"column":27}},"61":{"start":{"line":135,"column":6},"end":{"line":138,"column":8}},"62":{"start":{"line":140,"column":6},"end":{"line":149,"column":9}},"63":{"start":{"line":143,"column":10},"end":{"line":143,"column":37}},"64":{"start":{"line":146,"column":10},"end":{"line":146,"column":66}},"65":{"start":{"line":147,"column":10},"end":{"line":147,"column":17}},"66":{"start":{"line":152,"column":4},"end":{"line":169,"column":7}},"67":{"start":{"line":153,"column":6},"end":{"line":153,"column":27}},"68":{"start":{"line":154,"column":6},"end":{"line":157,"column":8}},"69":{"start":{"line":159,"column":6},"end":{"line":168,"column":9}},"70":{"start":{"line":162,"column":10},"end":{"line":162,"column":37}},"71":{"start":{"line":165,"column":10},"end":{"line":165,"column":66}},"72":{"start":{"line":166,"column":10},"end":{"line":166,"column":17}},"73":{"start":{"line":172,"column":2},"end":{"line":197,"column":5}},"74":{"start":{"line":174,"column":4},"end":{"line":196,"column":7}},"75":{"start":{"line":175,"column":6},"end":{"line":175,"column":27}},"76":{"start":{"line":176,"column":6},"end":{"line":179,"column":8}},"77":{"start":{"line":181,"column":6},"end":{"line":195,"column":9}},"78":{"start":{"line":184,"column":10},"end":{"line":184,"column":37}},"79":{"start":{"line":187,"column":10},"end":{"line":187,"column":29}},"80":{"start":{"line":188,"column":10},"end":{"line":188,"column":53}},"81":{"start":{"line":189,"column":10},"end":{"line":189,"column":17}},"82":{"start":{"line":192,"column":10},"end":{"line":192,"column":66}},"83":{"start":{"line":193,"column":10},"end":{"line":193,"column":17}},"84":{"start":{"line":199,"column":2},"end":{"line":244,"column":5}},"85":{"start":{"line":201,"column":4},"end":{"line":224,"column":7}},"86":{"start":{"line":202,"column":6},"end":{"line":205,"column":8}},"87":{"start":{"line":207,"column":6},"end":{"line":212,"column":8}},"88":{"start":{"line":210,"column":10},"end":{"line":210,"column":47}},"89":{"start":{"line":213,"column":6},"end":{"line":223,"column":8}},"90":{"start":{"line":217,"column":10},"end":{"line":217,"column":52}},"91":{"start":{"line":220,"column":10},"end":{"line":220,"column":66}},"92":{"start":{"line":221,"column":10},"end":{"line":221,"column":17}},"93":{"start":{"line":226,"column":4},"end":{"line":243,"column":7}},"94":{"start":{"line":227,"column":6},"end":{"line":231,"column":8}},"95":{"start":{"line":229,"column":10},"end":{"line":229,"column":23}},"96":{"start":{"line":232,"column":6},"end":{"line":242,"column":8}},"97":{"start":{"line":236,"column":10},"end":{"line":236,"column":52}},"98":{"start":{"line":239,"column":10},"end":{"line":239,"column":48}},"99":{"start":{"line":240,"column":10},"end":{"line":240,"column":17}}},"branchMap":{},"code":["var Crawler = require('../crawler');","var _ = require('underscore');","","describe('crawler', function() {","","  var crawler;","","  beforeEach(function() {","    crawler = new Crawler();","    crawler.configure({depth: 10});","  });","","  describe('graph no cycles', function() {","","    it('should crawl all the urls', function(done) {","      var crawledUrls = [];","      var expectedUrls = [","        'http://localhost:3000/graph_no_cycles/page1.html',","        'http://localhost:3000/graph_no_cycles/page2.html',","        'http://localhost:3000/graph_no_cycles/page3.html',","        'http://localhost:3000/graph_no_cycles/sublevel/page4.html',","        'http://localhost:3000/graph_no_cycles/sublevel/sublevel2/page5.html'","      ];","","      crawler.crawl('http://localhost:3000/graph_no_cycles/page1.html',","        function onSuccess(page) {","          crawledUrls.push(page.url);","        },","        function onFailure() {","          expect('Errors while crawling').to.be('');","        },","        function onAllFinished(crawledUrls) {","          expect(crawledUrls.sort()).toEqual(expectedUrls.sort());","          done();","        }","      );","    });","  });","","  describe('redirects', () => {","","    it('should crawl all urls in redirect chain and do not crawl them again', (done) => {","      var crawledUrls = [];","      var expectedUrls = [","        'http://localhost:3000/redirectend'","      ];","      var expectedKnownUrls = [","        'http://localhost:3000/redirect1',","        'http://localhost:3000/redirect2',","        'http://localhost:3000/redirect3',","        'http://localhost:3000/redirectend'","      ];","","      crawler.crawl('http://localhost:3000/redirect1',","        function onSuccess(page) {","          crawledUrls.push(page.url);","        },","        function onFailure() {","          expect('Errors while crawling').to.be('');","        },","        function onAllFinished(crawledUrls) {","          expect(crawledUrls.sort()).toEqual(expectedUrls.sort());","          expect(Object.keys(crawler.knownUrls).sort()).toEqual(expectedKnownUrls.sort());","          done();","        }","      );","    });","  });","","  describe('simple cycle', () => {","","    it('should crawl all urls in a cycle only once', (done) => {","      var crawledUrls = [];","      var expectedUrls = [","        'http://localhost:3000/simple_cycle/page1.html',","        'http://localhost:3000/simple_cycle/page2.html',","        'http://localhost:3000/simple_cycle/page3.html'","      ];","","      crawler.crawl('http://localhost:3000/simple_cycle/page1.html',","        function onSuccess(page) {","          crawledUrls.push(page.url);","        },","        function onFailure() {","          expect('Errors while crawling').to.be('');","        },","        function onAllFinished(crawledUrls) {","          expect(crawledUrls.sort()).toEqual(expectedUrls.sort());","          done();","        }","      );","    });","  });","","  describe('page success', () => {","","    it('should return url, content, status', (done) => {","      crawler.crawl('http://localhost:3000/one_page_graph/page1.html',","        function onSuccess(page) {","          expect(page.url).toEqual('http://localhost:3000/one_page_graph/page1.html');","          expect(page.status).toEqual(200);","          expect(page.content).toEqual('<html><body>One page graph.</body></html>');","          expect(page.error).toBeNull();","          expect(page.response).not.toBeNull();","          expect(page.body).toEqual(page.content);","          done();","        }","      );","    });","  });","","  describe('page error', () => {","","    it('should return error', (done) => {","      var HTTP_NOT_FOUND = 404;","","      crawler.crawl('http://localhost:3000/one_page_graph/no_such_page.html', null,","        function onError(page) {","          expect(page.url).toEqual('http://localhost:3000/one_page_graph/no_such_page.html');","          expect(page.status).toEqual(HTTP_NOT_FOUND);","          expect(page.content).toEqual('Cannot GET /one_page_graph/no_such_page.html\\n');","          expect(page.error).toBeNull();","          expect(page.response).not.toBeNull();","          expect(page.body).toEqual(page.content);","          done();","        }","      );","    });","  });","","  describe('base tag', () => {","","    it('should use base url as the base for relative urls', (done) => {","      var crawledUrls = [];","      var expectedUrls = [","        'http://localhost:3000/base_tag/index/page1.html',","        'http://localhost:3000/base_tag/page2.html'","      ];","","      crawler.crawl({","        url: 'http://localhost:3000/base_tag/index/page1.html',","        success: function(page) {","          crawledUrls.push(page.url);","        },","        finished: function(crawledUrls) {","          expect(crawledUrls.sort()).toEqual(expectedUrls.sort());","          done();","        }","      });","    });","","    it('should resolve relative base url', (done) => {","      var crawledUrls = [];","      var expectedUrls = [","        'http://localhost:3000/base_tag/index/page1relativebase.html',","        'http://localhost:3000/base_tag/index/relative_base_tag/page3.html'","      ];","","      crawler.crawl({","        url: 'http://localhost:3000/base_tag/index/page1relativebase.html',","        success: function(page) {","          crawledUrls.push(page.url);","        },","        finished: function(crawledUrls) {","          expect(crawledUrls.sort()).toEqual(expectedUrls.sort());","          done();","        }","      });","    });","  });","","  describe('references contain links to non-http resources', () => {","","    it('should ignore mailto link', (done) => {","      var crawledUrls = [];","      var expectedUrls = [","        'http://localhost:3000/non_http_https_links/page1.html',","        'http://localhost:3000/non_http_https_links/page2.html'","      ];","","      crawler.crawl({","        url: 'http://localhost:3000/non_http_https_links/page1.html',","        success: function(page) {","          crawledUrls.push(page.url);","        },","        failure: function(error) {","          console.log(error);","          expect('Error while crawling').toEqual('');","          done();","        },","        finished: function(crawledUrls) {","          expect(crawledUrls.sort()).toEqual(expectedUrls.sort());","          done();","        }","      });","    });","  });","","  describe('shouldCrawl', () => {","","    it('should call onAllFinished when last url should not be crawled', (done) => {","      var expectedUrls = [","        'http://localhost:3000/simple_cycle/page1.html',","        'http://localhost:3000/simple_cycle/page2.html'","      ];","","      crawler.configure({","        shouldCrawl: function(url) {","          //Omit page3.html","          return url.indexOf('page3.html') < 0;","        }","      })","      crawler.crawl('http://localhost:3000/simple_cycle/page1.html',","        function onSuccess(page) {","        },","        function onFailure() {","          expect('Errors while crawling').to.be('');","        },","        function onAllFinished(crawledUrls) {","          expect(crawledUrls.sort()).toEqual(expectedUrls.sort());","          done();","        }","      );","    });","","    it('should call onAllFinished when no urls should be crawled', (done) => {","      crawler.configure({","        shouldCrawl: function(url) {","          return false;","        }","      })","      crawler.crawl('http://localhost:3000/simple_cycle/page1.html',","        function onSuccess(page) {","        },","        function onFailure() {","          expect('Errors while crawling').to.be('');","        },","        function onAllFinished(crawledUrls) {","          expect(crawledUrls.length).toEqual(0);","          done();","        }","      );","    });","  });","","  //TODO: Test for the correct referer value in a chain of visited pages","  //TODO: Test for the shouldCrawlLinksFrom function","  //TODO: Test for shouldCrawl","","  //TODO: Redirect with another HTTP code? 301?","  //TODO: Binary content, links are not analyzed in binary content, binary content itself is not returned (as it can be too large)(?)","  //TODO: Test for throughput limitation","  //TODO: Test for depth limitation","  //TODO: Forgetting crawled urls","  //TODO: Reusing the same crawler, no new urls will be crawled","  //TODO: Test for crawling 1000 links (generate them in server.js)","});"],"l":{"1":2,"2":2,"4":2,"6":0,"8":0,"9":0,"10":0,"13":0,"15":0,"16":0,"17":0,"25":0,"27":0,"30":0,"33":0,"34":0,"40":0,"42":0,"43":0,"44":0,"47":0,"54":0,"56":0,"59":0,"62":0,"63":0,"64":0,"70":0,"72":0,"73":0,"74":0,"80":0,"82":0,"85":0,"88":0,"89":0,"95":0,"97":0,"98":0,"100":0,"101":0,"102":0,"103":0,"104":0,"105":0,"106":0,"112":0,"114":0,"115":0,"117":0,"119":0,"120":0,"121":0,"122":0,"123":0,"124":0,"125":0,"131":0,"133":0,"134":0,"135":0,"140":0,"143":0,"146":0,"147":0,"152":0,"153":0,"154":0,"159":0,"162":0,"165":0,"166":0,"172":0,"174":0,"175":0,"176":0,"181":0,"184":0,"187":0,"188":0,"189":0,"192":0,"193":0,"199":0,"201":0,"202":0,"207":0,"210":0,"213":0,"217":0,"220":0,"221":0,"226":0,"227":0,"229":0,"232":0,"236":0,"239":0,"240":0}},"/home/travis/build/npmtest/node-npmtest-js-crawler/node_modules/js-crawler/e2e/server.js":{"path":"/home/travis/build/npmtest/node-npmtest-js-crawler/node_modules/js-crawler/e2e/server.js","s":{"1":2,"2":0,"3":0,"4":0,"5":0,"6":0,"7":0,"8":0,"9":0,"10":0,"11":0,"12":0,"13":0},"b":{},"f":{"1":0,"2":0,"3":0,"4":0,"5":0},"fnMap":{"1":{"name":"(anonymous_1)","line":6,"loc":{"start":{"line":6,"column":22},"end":{"line":6,"column":41}}},"2":{"name":"(anonymous_2)","line":10,"loc":{"start":{"line":10,"column":22},"end":{"line":10,"column":41}}},"3":{"name":"(anonymous_3)","line":14,"loc":{"start":{"line":14,"column":22},"end":{"line":14,"column":41}}},"4":{"name":"(anonymous_4)","line":18,"loc":{"start":{"line":18,"column":24},"end":{"line":18,"column":43}}},"5":{"name":"(anonymous_5)","line":22,"loc":{"start":{"line":22,"column":17},"end":{"line":22,"column":29}}}},"statementMap":{"1":{"start":{"line":1,"column":0},"end":{"line":1,"column":33}},"2":{"start":{"line":2,"column":0},"end":{"line":2,"column":20}},"3":{"start":{"line":4,"column":0},"end":{"line":4,"column":34}},"4":{"start":{"line":6,"column":0},"end":{"line":8,"column":3}},"5":{"start":{"line":7,"column":4},"end":{"line":7,"column":31}},"6":{"start":{"line":10,"column":0},"end":{"line":12,"column":3}},"7":{"start":{"line":11,"column":4},"end":{"line":11,"column":31}},"8":{"start":{"line":14,"column":0},"end":{"line":16,"column":3}},"9":{"start":{"line":15,"column":4},"end":{"line":15,"column":33}},"10":{"start":{"line":18,"column":0},"end":{"line":20,"column":3}},"11":{"start":{"line":19,"column":4},"end":{"line":19,"column":90}},"12":{"start":{"line":22,"column":0},"end":{"line":24,"column":3}},"13":{"start":{"line":23,"column":2},"end":{"line":23,"column":71}}},"branchMap":{},"code":["var express = require('express');","var app = express();","","app.use(express.static('static'));","","app.get('/redirect1', function(req, res) {","    res.redirect('/redirect2');","});","","app.get('/redirect2', function(req, res) {","    res.redirect('/redirect3');","});","","app.get('/redirect3', function(req, res) {","    res.redirect('/redirectend');","});","","app.get('/redirectend', function(req, res) {","    res.send('End of redirect chain <a href=\"redirect2\">To middle of redirect chain</a>');","});","","app.listen(3000, function () {","  console.log('Example app for end to end tests running on port 3000');","});"],"l":{"1":2,"2":0,"4":0,"6":0,"7":0,"10":0,"11":0,"14":0,"15":0,"18":0,"19":0,"22":0,"23":0}}}